#
# A fatal error has been detected by the Java Runtime Environment:
#
#  EXCEPTION_ACCESS_VIOLATION (0xc0000005) at pc=0x78aa26df, pid=936, tid=2800
#
# JRE version: 7.0_17-b02
# Java VM: Java HotSpot(TM) Client VM (23.7-b01 mixed mode, sharing windows-x86 )
# Problematic frame:
# C  [msvcr100.dll+0x26df]  memset+0x5f
#
# Failed to write core dump. Minidumps are not enabled by default on client versions of Windows
#
# If you would like to submit a bug report, please visit:
#   http://bugreport.sun.com/bugreport/crash.jsp
# The crash happened outside the Java Virtual Machine in native code.
# See problematic frame for where to report the bug.
#

---------------  T H R E A D  ---------------

Current thread (0x003e8800):  JavaThread "main" [_thread_in_native, id=2800, stack(0x00900000,0x00950000)]

siginfo: ExceptionCode=0xc0000005, writing address 0x00000000

Registers:
EAX=0x00000000, EBX=0x32b2cfe8, ECX=0x00000016, EDX=0x00000000
ESP=0x0094fb24, EBP=0x0094fb48, ESI=0x003e8928, EDI=0x00000000
EIP=0x78aa26df, EFLAGS=0x00010202

Top of Stack: (sp=0x0094fb24)
0x0094fb24:   00000000 03114abb 00000000 00000000
0x0094fb34:   00000058 003e8800 32b2cfe8 32b2cfe8
0x0094fb44:   003e8928 0094fb94 0098a717 003e8928
0x0094fb54:   0094fb9c 0094fbb0 00000000 00000058
0x0094fb64:   00000000 0094fb7c 003e8f14 003e8f14
0x0094fb74:   0094fb74 32b2cfe8 0094fbb0 32be9798
0x0094fb84:   00000000 32b2cfe8 00000000 0094fba4
0x0094fb94:   0094fbd4 0098345a 22fd73a0 009889a6 

Instructions: (pc=0x78aa26df)
0x78aa26bf:   83 c7 01 83 e9 01 75 f6 8b c8 c1 e0 08 03 c1 8b
0x78aa26cf:   c8 c1 e0 10 03 c1 8b ca 83 e2 03 c1 e9 02 74 06
0x78aa26df:   f3 ab 85 d2 74 0a 88 07 83 c7 01 83 ea 01 75 f6
0x78aa26ef:   8b 44 24 08 5f c3 8b 44 24 04 c3 90 90 90 90 90 


Register to memory mapping:

EAX=0x00000000 is an unknown value
EBX=0x32b2cfe8 is an oop
{method} 
 - klass: {other class}
ECX=0x00000016 is an unknown value
EDX=0x00000000 is an unknown value
ESP=0x0094fb24 is pointing into the stack for thread: 0x003e8800
EBP=0x0094fb48 is pointing into the stack for thread: 0x003e8800
ESI=0x003e8928 is an unknown value
EDI=0x00000000 is an unknown value


Stack: [0x00900000,0x00950000],  sp=0x0094fb24,  free space=318k
Native frames: (J=compiled Java code, j=interpreted, Vv=VM code, C=native code)
C  [msvcr100.dll+0x26df]  memset+0x5f
j  com.googlecode.javacpp.Pointer.memset(Lcom/googlecode/javacpp/Pointer;IJ)Lcom/googlecode/javacpp/Pointer;+0
j  com.googlecode.javacpp.Pointer.fill(I)Lcom/googlecode/javacpp/Pointer;+111
j  com.googlecode.javacpp.Pointer.zero()Lcom/googlecode/javacpp/Pointer;+2
j  com.googlecode.javacv.cpp.opencv_core$CvSeq.<init>()V+9
j  com.googlecode.javacv.cpp.opencv_core$CvContour.<init>()V+1
j  javaimage2d.conner.point(Lcom/googlecode/javacv/cpp/opencv_core$IplImage;Ljava/lang/String;)V+8
j  javaimage2d.JavaImage2D.<init>()V+25
j  javaimage2d.JavaImage2D.main([Ljava/lang/String;)V+12
v  ~StubRoutines::call_stub
V  [jvm.dll+0x12a34a]
V  [jvm.dll+0x1d968e]
V  [jvm.dll+0x12a3cd]
V  [jvm.dll+0xaede4]
V  [jvm.dll+0xb9157]
C  [java.exe+0x205f]
C  [java.exe+0xa591]
C  [java.exe+0xa61b]
C  [kernel32.dll+0xb729]  GetModuleFileNameA+0x1ba

Java frames: (J=compiled Java code, j=interpreted, Vv=VM code)
j  com.googlecode.javacpp.Pointer.memset(Lcom/googlecode/javacpp/Pointer;IJ)Lcom/googlecode/javacpp/Pointer;+0
j  com.googlecode.javacpp.Pointer.fill(I)Lcom/googlecode/javacpp/Pointer;+111
j  com.googlecode.javacpp.Pointer.zero()Lcom/googlecode/javacpp/Pointer;+2
j  com.googlecode.javacv.cpp.opencv_core$CvSeq.<init>()V+9
j  com.googlecode.javacv.cpp.opencv_core$CvContour.<init>()V+1
j  javaimage2d.conner.point(Lcom/googlecode/javacv/cpp/opencv_core$IplImage;Ljava/lang/String;)V+8
j  javaimage2d.JavaImage2D.<init>()V+25
j  javaimage2d.JavaImage2D.main([Ljava/lang/String;)V+12
v  ~StubRoutines::call_stub

---------------  P R O C E S S  ---------------

Java Threads: ( => current thread )
  0x02ab9000 JavaThread "Service Thread" daemon [_thread_blocked, id=2288, stack(0x02e60000,0x02eb0000)]
  0x02ab3400 JavaThread "C1 CompilerThread0" daemon [_thread_blocked, id=1812, stack(0x02e10000,0x02e60000)]
  0x02ab1800 JavaThread "Attach Listener" daemon [_thread_blocked, id=508, stack(0x02dc0000,0x02e10000)]
  0x02ab0400 JavaThread "Signal Dispatcher" daemon [_thread_blocked, id=4028, stack(0x02d70000,0x02dc0000)]
  0x02a94400 JavaThread "Finalizer" daemon [_thread_blocked, id=3228, stack(0x02d00000,0x02d50000)]
  0x02a8f800 JavaThread "Reference Handler" daemon [_thread_blocked, id=1100, stack(0x02cb0000,0x02d00000)]
=>0x003e8800 JavaThread "main" [_thread_in_native, id=2800, stack(0x00900000,0x00950000)]

Other Threads:
  0x02a8dc00 VMThread [stack: 0x02c60000,0x02cb0000] [id=3076]
  0x02acc000 WatcherThread [stack: 0x02eb0000,0x02f00000] [id=2388]

VM state:not at safepoint (normal execution)

VM Mutex/Monitor currently owned by a thread: None

Heap
 def new generation   total 4928K, used 1115K [0x22b00000, 0x23050000, 0x28050000)
  eden space 4416K,  13% used [0x22b00000, 0x22b96dd8, 0x22f50000)
  from space 512K, 100% used [0x22fd0000, 0x23050000, 0x23050000)
  to   space 512K,   0% used [0x22f50000, 0x22f50000, 0x22fd0000)
 tenured generation   total 10944K, used 431K [0x28050000, 0x28b00000, 0x32b00000)
   the space 10944K,   3% used [0x28050000, 0x280bbf98, 0x280bc000, 0x28b00000)
 compacting perm gen  total 12288K, used 1081K [0x32b00000, 0x33700000, 0x36b00000)
   the space 12288K,   8% used [0x32b00000, 0x32c0e458, 0x32c0e600, 0x33700000)
    ro space 10240K,  45% used [0x36b00000, 0x36f873d8, 0x36f87400, 0x37500000)
    rw space 12288K,  54% used [0x37500000, 0x37b8acc8, 0x37b8ae00, 0x38100000)

Card table byte_map: [0x02b00000,0x02bb0000] byte_map_base: 0x029ea800

Polling page: 0x00950000

Code Cache  [0x00980000, 0x00a38000, 0x02980000)
 total_blobs=254 nmethods=81 adapters=108 free_code_cache=32036Kb largest_free_block=32805504

Compilation events (10 events):
Event: 0.323 Thread 0x02ab3400   77             java.lang.System::getSecurityManager (4 bytes)
Event: 0.323 Thread 0x02ab3400 nmethod 77 0x00a35c08 code [0x00a35d00, 0x00a35d70]
Event: 0.331 Thread 0x02ab3400   78             java.lang.StringBuilder::<init> (7 bytes)
Event: 0.331 Thread 0x02ab3400 nmethod 78 0x00a35dc8 code [0x00a35ec0, 0x00a35fd0]
Event: 0.331 Thread 0x02ab3400   79             java.lang.AbstractStringBuilder::expandCapacity (50 bytes)
Event: 0.331 Thread 0x02ab3400 nmethod 79 0x00a36048 code [0x00a36160, 0x00a36398]
Event: 0.363 Thread 0x02ab3400   80             java.lang.String::indexOf (7 bytes)
Event: 0.363 Thread 0x02ab3400 nmethod 80 0x00a369c8 code [0x00a36ac0, 0x00a36b5c]
Event: 0.364 Thread 0x02ab3400   81             java.net.URL::getProtocol (5 bytes)
Event: 0.364 Thread 0x02ab3400 nmethod 81 0x00a36bc8 code [0x00a36cc0, 0x00a36d40]

GC Heap History (2 events):
Event: 0.312 GC heap before
{Heap before GC invocations=0 (full 0):
 def new generation   total 4928K, used 4416K [0x22b00000, 0x23050000, 0x28050000)
  eden space 4416K, 100% used [0x22b00000, 0x22f50000, 0x22f50000)
  from space 512K,   0% used [0x22f50000, 0x22f50000, 0x22fd0000)
  to   space 512K,   0% used [0x22fd0000, 0x22fd0000, 0x23050000)
 tenured generation   total 10944K, used 0K [0x28050000, 0x28b00000, 0x32b00000)
   the space 10944K,   0% used [0x28050000, 0x28050000, 0x28050200, 0x28b00000)
 compacting perm gen  total 12288K, used 1013K [0x32b00000, 0x33700000, 0x36b00000)
   the space 12288K,   8% used [0x32b00000, 0x32bfd6b0, 0x32bfd800, 0x33700000)
    ro space 10240K,  45% used [0x36b00000, 0x36f873d8, 0x36f87400, 0x37500000)
    rw space 12288K,  54% used [0x37500000, 0x37b8acc8, 0x37b8ae00, 0x38100000)
Event: 0.317 GC heap after
Heap after GC invocations=1 (full 0):
 def new generation   total 4928K, used 512K [0x22b00000, 0x23050000, 0x28050000)
  eden space 4416K,   0% used [0x22b00000, 0x22b00000, 0x22f50000)
  from space 512K, 100% used [0x22fd0000, 0x23050000, 0x23050000)
  to   space 512K,   0% used [0x22f50000, 0x22f50000, 0x22fd0000)
 tenured generation   total 10944K, used 431K [0x28050000, 0x28b00000, 0x32b00000)
   the space 10944K,   3% used [0x28050000, 0x280bbf98, 0x280bc000, 0x28b00000)
 compacting perm gen  total 12288K, used 1013K [0x32b00000, 0x33700000, 0x36b00000)
   the space 12288K,   8% used [0x32b00000, 0x32bfd6b0, 0x32bfd800, 0x33700000)
    ro space 10240K,  45% used [0x36b00000, 0x36f873d8, 0x36f87400, 0x37500000)
    rw space 12288K,  54% used [0x37500000, 0x37b8acc8, 0x37b8ae00, 0x38100000)
}

Deoptimization events (0 events):
No events

Internal exceptions (10 events):
Event: 0.319 Thread 0x003e8800 Threw 0x22b06340 at C:\jdk7u2_32P\jdk7u17\hotspot\src\share\vm\prims\jvm.cpp:1166
Event: 0.319 Thread 0x003e8800 Threw 0x22b0a010 at C:\jdk7u2_32P\jdk7u17\hotspot\src\share\vm\prims\jvm.cpp:1166
Event: 0.320 Thread 0x003e8800 Threw 0x22b0db88 at C:\jdk7u2_32P\jdk7u17\hotspot\src\share\vm\prims\jvm.cpp:1166
Event: 0.320 Thread 0x003e8800 Threw 0x22b12a60 at C:\jdk7u2_32P\jdk7u17\hotspot\src\share\vm\prims\jvm.cpp:1166
Event: 0.321 Thread 0x003e8800 Threw 0x22b2cb28 at C:\jdk7u2_32P\jdk7u17\hotspot\src\share\vm\prims\jvm.cpp:1166
Event: 0.356 Thread 0x003e8800 Threw 0x22b62e90 at C:\jdk7u2_32P\jdk7u17\hotspot\src\share\vm\prims\jvm.cpp:1166
Event: 0.358 Thread 0x003e8800 Threw 0x22b749b8 at C:\jdk7u2_32P\jdk7u17\hotspot\src\share\vm\prims\jvm.cpp:1166
Event: 0.362 Thread 0x003e8800 Threw 0x22b77268 at C:\jdk7u2_32P\jdk7u17\hotspot\src\share\vm\prims\jvm.cpp:1166
Event: 0.364 Thread 0x003e8800 Threw 0x22b7d0e8 at C:\jdk7u2_32P\jdk7u17\hotspot\src\share\vm\prims\jvm.cpp:1166
Event: 0.365 Thread 0x003e8800 Threw 0x22b84a68 at C:\jdk7u2_32P\jdk7u17\hotspot\src\share\vm\prims\jvm.cpp:1166

Events (10 events):
Event: 0.357 loading class 0x38121068
Event: 0.357 loading class 0x38121068 done
Event: 0.358 loading class 0x02affa08
Event: 0.358 loading class 0x02affa08 done
Event: 0.361 loading class 0x02affac8
Event: 0.361 loading class 0x02affac8 done
Event: 0.364 loading class 0x02affb70
Event: 0.364 loading class 0x02affb70 done
Event: 0.365 loading class 0x02fbb820
Event: 0.365 loading class 0x02fbb820 done


Dynamic libraries:
0x00400000 - 0x0042f000 	C:\Program Files\Java\jdk1.7.0_17\bin\java.exe
0x7c900000 - 0x7c9b2000 	C:\WINDOWS\system32\ntdll.dll
0x7c800000 - 0x7c8f6000 	C:\WINDOWS\system32\kernel32.dll
0x77dd0000 - 0x77e6b000 	C:\WINDOWS\system32\ADVAPI32.dll
0x77e70000 - 0x77f03000 	C:\WINDOWS\system32\RPCRT4.dll
0x77fe0000 - 0x77ff1000 	C:\WINDOWS\system32\Secur32.dll
0x7e410000 - 0x7e4a1000 	C:\WINDOWS\system32\USER32.dll
0x77f10000 - 0x77f59000 	C:\WINDOWS\system32\GDI32.dll
0x773d0000 - 0x774d3000 	C:\WINDOWS\WinSxS\x86_Microsoft.Windows.Common-Controls_6595b64144ccf1df_6.0.2600.6028_x-ww_61e65202\COMCTL32.dll
0x77c10000 - 0x77c68000 	C:\WINDOWS\system32\msvcrt.dll
0x77f60000 - 0x77fd6000 	C:\WINDOWS\system32\SHLWAPI.dll
0x76390000 - 0x763ad000 	C:\WINDOWS\system32\IMM32.DLL
0x629c0000 - 0x629c9000 	C:\WINDOWS\system32\LPK.DLL
0x74d90000 - 0x74dfb000 	C:\WINDOWS\system32\USP10.dll
0x78aa0000 - 0x78b5e000 	C:\Program Files\Java\jdk1.7.0_17\jre\bin\msvcr100.dll
0x6e8c0000 - 0x6ec0c000 	C:\Program Files\Java\jdk1.7.0_17\jre\bin\client\jvm.dll
0x71ad0000 - 0x71ad9000 	C:\WINDOWS\system32\WSOCK32.dll
0x71ab0000 - 0x71ac7000 	C:\WINDOWS\system32\WS2_32.dll
0x71aa0000 - 0x71aa8000 	C:\WINDOWS\system32\WS2HELP.dll
0x76b40000 - 0x76b6d000 	C:\WINDOWS\system32\WINMM.dll
0x76bf0000 - 0x76bfb000 	C:\WINDOWS\system32\PSAPI.DLL
0x6e810000 - 0x6e81c000 	C:\Program Files\Java\jdk1.7.0_17\jre\bin\verify.dll
0x6d590000 - 0x6d5b0000 	C:\Program Files\Java\jdk1.7.0_17\jre\bin\java.dll
0x6e8a0000 - 0x6e8b3000 	C:\Program Files\Java\jdk1.7.0_17\jre\bin\zip.dll
0x78050000 - 0x780b9000 	C:\WINDOWS\system32\msvcp100.dll
0x10000000 - 0x101ff000 	C:\opencv\build\x86\vc10\bin\opencv_core244.dll
0x03110000 - 0x03183000 	C:\Documents and Settings\pratchaya\Local Settings\Temp\javacpp8867402420139\jniopencv_core.dll
0x03190000 - 0x033ed000 	C:\opencv\build\x86\vc10\bin\opencv_imgproc244.dll
0x03400000 - 0x03437000 	C:\Documents and Settings\pratchaya\Local Settings\Temp\javacpp8867402420139\jniopencv_imgproc.dll
0x03440000 - 0x041d9000 	C:\opencv\build\x86\vc10\bin\opencv_ffmpeg244.dll
0x041e0000 - 0x043ea000 	C:\opencv\build\x86\vc10\bin\opencv_highgui244.dll
0x774e0000 - 0x7761e000 	C:\WINDOWS\system32\ole32.dll
0x77120000 - 0x771ab000 	C:\WINDOWS\system32\OLEAUT32.dll
0x73b50000 - 0x73b67000 	C:\WINDOWS\system32\AVIFIL32.dll
0x77be0000 - 0x77bf5000 	C:\WINDOWS\system32\MSACM32.dll
0x75a70000 - 0x75a91000 	C:\WINDOWS\system32\MSVFW32.dll
0x7c9c0000 - 0x7d1d7000 	C:\WINDOWS\system32\SHELL32.dll
0x73b80000 - 0x73b92000 	C:\WINDOWS\system32\AVICAP32.dll
0x77c00000 - 0x77c08000 	C:\WINDOWS\system32\VERSION.dll
0x04400000 - 0x0440f000 	C:\Documents and Settings\pratchaya\Local Settings\Temp\javacpp8867402420139\jniopencv_highgui.dll
0x59a60000 - 0x59b01000 	C:\WINDOWS\system32\dbghelp.dll

VM Arguments:
jvm_args: -Dfile.encoding=UTF-8 
java_command: javaimage2d.JavaImage2D
Launcher Type: SUN_STANDARD

Environment Variables:
JAVA_HOME=C:\Program Files\Java\jdk1.7.0_17
CLASSPATH=C:\JavaCV\javacv.jar;C:\JavaCV\javacpp.jar;C:\JavaCV\javacv-windows-x86; C:\JavaCV\jna.jar;C:\JavaCV;C:\Program Files\Java\jdk1.7.0_17\bin;C:\opencv\build\x86\vc11\bin
PATH=C:\WINDOWS\system32;C:\WINDOWS;C:\WINDOWS\System32\Wbem;c:\Program Files\ATI Technologies\ATI.ACE\Core-Static;C:\gnuplot\bin;C:\Program Files\Java\jdk1.7.0_17\bin;D:\apache-maven-3.0.5\bin;C:\gnuplot\bin;
USERNAME=pratchaya
OS=Windows_NT
PROCESSOR_IDENTIFIER=x86 Family 6 Model 37 Stepping 5, GenuineIntel



---------------  S Y S T E M  ---------------

OS: Windows XP Build 2600 Service Pack 3

CPU:total 4 (2 cores per cpu, 2 threads per core) family 6 model 37 stepping 5, cmov, cx8, fxsr, mmx, sse, sse2, sse3, ssse3, sse4.1, sse4.2, popcnt, ht, tsc, tscinvbit

Memory: 4k page, physical 2021156k(384388k free), swap 3959296k(2267860k free)

vm_info: Java HotSpot(TM) Client VM (23.7-b01) for windows-x86 JRE (1.7.0_17-b02), built on Mar  1 2013 05:04:36 by "java_re" with unknown MS VC++:1600

time: Fri Jun 21 18:13:03 2013
elapsed time: 0 seconds

