#
# A fatal error has been detected by the Java Runtime Environment:
#
#  EXCEPTION_UNCAUGHT_CXX_EXCEPTION (0xe06d7363) at pc=0x7c812fd3, pid=3960, tid=376
#
# JRE version: 7.0_17-b02
# Java VM: Java HotSpot(TM) Client VM (23.7-b01 mixed mode, sharing windows-x86 )
# Problematic frame:
# C  [kernel32.dll+0x12fd3]  RaiseException+0x52
#
# Failed to write core dump. Minidumps are not enabled by default on client versions of Windows
#
# If you would like to submit a bug report, please visit:
#   http://bugreport.sun.com/bugreport/crash.jsp
# The crash happened outside the Java Virtual Machine in native code.
# See problematic frame for where to report the bug.
#

---------------  T H R E A D  ---------------

Current thread (0x003e8800):  JavaThread "main" [_thread_in_native, id=376, stack(0x00900000,0x00950000)]

siginfo: ExceptionCode=0xe06d7363, ExceptionInformation=0x19930520 0x0093f5b4 0x101d157c 

Registers:
EAX=0x0093f510, EBX=0x0000009c, ECX=0x00000000, EDX=0x0093f5b4
ESP=0x0093f50c, EBP=0x0093f560, ESI=0x0093f598, EDI=0x78ab1ec6
EIP=0x7c812fd3, EFLAGS=0x00000206

Top of Stack: (sp=0x0093f50c)
0x0093f50c:   0094f664 e06d7363 00000001 00000000
0x0093f51c:   7c812fd3 00000003 19930520 0093f5b4
0x0093f52c:   101d157c 00000000 030ace40 0093f618
0x0093f53c:   0093f524 0093f618 00000030 0093f568
0x0093f54c:   100040fe 030ace40 030ad4f8 00000030
0x0093f55c:   0094f664 0093f598 78ac7819 e06d7363
0x0093f56c:   00000001 00000003 0093f58c e06d7363
0x0093f57c:   00000001 00000000 00000000 00000003 

Instructions: (pc=0x7c812fd3)
0x7c812fb3:   f9 0f 0f 87 05 1a 03 00 85 c9 89 4d c0 74 07 57
0x7c812fc3:   8d 7d c4 f3 a5 5f 8d 45 b0 50 ff 15 10 15 80 7c
0x7c812fd3:   5e c9 c2 10 00 85 ff 0f 8e 5e 8e ff ff 8b 55 fc
0x7c812fe3:   89 55 0c 0f b7 16 8b 7d f8 8a 14 3a 88 11 8b 78 


Register to memory mapping:

EAX=0x0093f510 is pointing into the stack for thread: 0x003e8800
EBX=0x0000009c is an unknown value
ECX=0x00000000 is an unknown value
EDX=0x0093f5b4 is pointing into the stack for thread: 0x003e8800
ESP=0x0093f50c is pointing into the stack for thread: 0x003e8800
EBP=0x0093f560 is pointing into the stack for thread: 0x003e8800
ESI=0x0093f598 is pointing into the stack for thread: 0x003e8800
EDI=0x78ab1ec6 is an unknown value


Stack: [0x00900000,0x00950000],  sp=0x0093f50c,  free space=253k
Native frames: (J=compiled Java code, j=interpreted, Vv=VM code, C=native code)
C  [kernel32.dll+0x12fd3]  RaiseException+0x52
C  [msvcr100.dll+0x27819]  CxxThrowException+0x45

Java frames: (J=compiled Java code, j=interpreted, Vv=VM code)
j  com.googlecode.javacv.cpp.opencv_core.cvRectangle(Lcom/googlecode/javacv/cpp/opencv_core$CvArr;Lcom/googlecode/javacv/cpp/opencv_core$CvPoint;Lcom/googlecode/javacv/cpp/opencv_core$CvPoint;Lcom/googlecode/javacv/cpp/opencv_core$CvScalar;III)V+0
j  javaimage2d.Detection.Highlight(Lcom/googlecode/javacv/cpp/opencv_core$IplImage;IIIII)V+37
j  javaimage2d.Detection.apply(Lcom/googlecode/javacv/cpp/opencv_core$IplImage;Ljava/lang/String;)Lcom/googlecode/javacv/cpp/opencv_core$IplImage;+147
j  javaimage2d.JavaImage2D.<init>()V+32
j  javaimage2d.JavaImage2D.main([Ljava/lang/String;)V+4
v  ~StubRoutines::call_stub

---------------  P R O C E S S  ---------------

Java Threads: ( => current thread )
  0x02ab9400 JavaThread "Service Thread" daemon [_thread_blocked, id=3120, stack(0x02e60000,0x02eb0000)]
  0x02ab3800 JavaThread "C1 CompilerThread0" daemon [_thread_blocked, id=2636, stack(0x02e10000,0x02e60000)]
  0x02ab1c00 JavaThread "Attach Listener" daemon [_thread_blocked, id=2012, stack(0x02dc0000,0x02e10000)]
  0x02ab0400 JavaThread "Signal Dispatcher" daemon [_thread_blocked, id=3848, stack(0x02d70000,0x02dc0000)]
  0x02a94400 JavaThread "Finalizer" daemon [_thread_blocked, id=740, stack(0x02d00000,0x02d50000)]
  0x02a8f800 JavaThread "Reference Handler" daemon [_thread_blocked, id=4048, stack(0x02cb0000,0x02d00000)]
=>0x003e8800 JavaThread "main" [_thread_in_native, id=376, stack(0x00900000,0x00950000)]

Other Threads:
  0x02a8dc00 VMThread [stack: 0x02c60000,0x02cb0000] [id=3628]
  0x02acbc00 WatcherThread [stack: 0x02eb0000,0x02f00000] [id=2388]

VM state:not at safepoint (normal execution)

VM Mutex/Monitor currently owned by a thread: None

Heap
 def new generation   total 22208K, used 13254K [0x22b00000, 0x24310000, 0x28050000)
  eden space 19776K,  67% used [0x22b00000, 0x237f1b30, 0x23e50000)
  from space 2432K,   0% used [0x23e50000, 0x23e50000, 0x240b0000)
  to   space 2432K,   0% used [0x240b0000, 0x240b0000, 0x24310000)
 tenured generation   total 49212K, used 29525K [0x28050000, 0x2b05f000, 0x32b00000)
   the space 49212K,  59% used [0x28050000, 0x29d25798, 0x29d25800, 0x2b05f000)
 compacting perm gen  total 12288K, used 1097K [0x32b00000, 0x33700000, 0x36b00000)
   the space 12288K,   8% used [0x32b00000, 0x32c12408, 0x32c12600, 0x33700000)
    ro space 10240K,  45% used [0x36b00000, 0x36f873d8, 0x36f87400, 0x37500000)
    rw space 12288K,  54% used [0x37500000, 0x37b8acc8, 0x37b8ae00, 0x38100000)

Card table byte_map: [0x02b00000,0x02bb0000] byte_map_base: 0x029ea800

Polling page: 0x00950000

Code Cache  [0x00980000, 0x00a58000, 0x02980000)
 total_blobs=285 nmethods=111 adapters=109 free_code_cache=31924Kb largest_free_block=32690880

Compilation events (10 events):
Event: 0.663 Thread 0x02ab3800  104             com.googlecode.javacv.Blobs::SubsumptionChain (98 bytes)
Event: 0.664 Thread 0x02ab3800 nmethod 104 0x00a4b808 code [0x00a4b9d0, 0x00a4bcc4]
Event: 0.836 Thread 0x02ab3800  106             sun.nio.cs.UTF_8$Encoder::encodeArrayLoop (489 bytes)
Event: 0.838 Thread 0x02ab3800 nmethod 106 0x00a4c308 code [0x00a4c6a0, 0x00a4d474]
Event: 0.838 Thread 0x02ab3800  107             java.lang.ref.Reference::get (5 bytes)
Event: 0.838 Thread 0x02ab3800 nmethod 107 0x00a4ee08 code [0x00a4ef00, 0x00a4ef80]
Event: 0.838 Thread 0x02ab3800  108             sun.misc.FloatingDecimal::countBits (80 bytes)
Event: 0.838 Thread 0x02ab3800 nmethod 108 0x00a4efc8 code [0x00a4f0d0, 0x00a4f290]
Event: 0.838 Thread 0x02ab3800  109             sun.misc.FloatingDecimal::dtoa (1421 bytes)
Event: 0.842 Thread 0x02ab3800 nmethod 109 0x00a4f348 code [0x00a4f6d0, 0x00a50c38]

GC Heap History (10 events):
Event: 0.464 GC heap before
{Heap before GC invocations=1 (full 0):
 def new generation   total 4928K, used 4926K [0x22b00000, 0x23050000, 0x28050000)
  eden space 4416K,  99% used [0x22b00000, 0x22f4f830, 0x22f50000)
  from space 512K, 100% used [0x22fd0000, 0x23050000, 0x23050000)
  to   space 512K,   0% used [0x22f50000, 0x22f50000, 0x22fd0000)
 tenured generation   total 10944K, used 430K [0x28050000, 0x28b00000, 0x32b00000)
   the space 10944K,   3% used [0x28050000, 0x280bb9f8, 0x280bba00, 0x28b00000)
 compacting perm gen  total 12288K, used 1090K [0x32b00000, 0x33700000, 0x36b00000)
   the space 12288K,   8% used [0x32b00000, 0x32c10a90, 0x32c10c00, 0x33700000)
    ro space 10240K,  45% used [0x36b00000, 0x36f873d8, 0x36f87400, 0x37500000)
    rw space 12288K,  54% used [0x37500000, 0x37b8acc8, 0x37b8ae00, 0x38100000)
Event: 0.470 GC heap after
Heap after GC invocations=2 (full 0):
 def new generation   total 4928K, used 512K [0x22b00000, 0x23050000, 0x28050000)
  eden space 4416K,   0% used [0x22b00000, 0x22b00000, 0x22f50000)
  from space 512K, 100% used [0x22f50000, 0x22fd0000, 0x22fd0000)
  to   space 512K,   0% used [0x22fd0000, 0x22fd0000, 0x23050000)
 tenured generation   total 10944K, used 4277K [0x28050000, 0x28b00000, 0x32b00000)
   the space 10944K,  39% used [0x28050000, 0x2847d538, 0x2847d600, 0x28b00000)
 compacting perm gen  total 12288K, used 1090K [0x32b00000, 0x33700000, 0x36b00000)
   the space 12288K,   8% used [0x32b00000, 0x32c10a90, 0x32c10c00, 0x33700000)
    ro space 10240K,  45% used [0x36b00000, 0x36f873d8, 0x36f87400, 0x37500000)
    rw space 12288K,  54% used [0x37500000, 0x37b8acc8, 0x37b8ae00, 0x38100000)
}
Event: 0.471 GC heap before
{Heap before GC invocations=2 (full 0):
 def new generation   total 4928K, used 4927K [0x22b00000, 0x23050000, 0x28050000)
  eden space 4416K,  99% used [0x22b00000, 0x22f4fce8, 0x22f50000)
  from space 512K, 100% used [0x22f50000, 0x22fd0000, 0x22fd0000)
  to   space 512K,   0% used [0x22fd0000, 0x22fd0000, 0x23050000)
 tenured generation   total 10944K, used 4277K [0x28050000, 0x28b00000, 0x32b00000)
   the space 10944K,  39% used [0x28050000, 0x2847d538, 0x2847d600, 0x28b00000)
 compacting perm gen  total 12288K, used 1090K [0x32b00000, 0x33700000, 0x36b00000)
   the space 12288K,   8% used [0x32b00000, 0x32c10a90, 0x32c10c00, 0x33700000)
    ro space 10240K,  45% used [0x36b00000, 0x36f873d8, 0x36f87400, 0x37500000)
    rw space 12288K,  54% used [0x37500000, 0x37b8acc8, 0x37b8ae00, 0x38100000)
Event: 0.476 GC heap after
Heap after GC invocations=3 (full 0):
 def new generation   total 4928K, used 507K [0x22b00000, 0x23050000, 0x28050000)
  eden space 4416K,   0% used [0x22b00000, 0x22b00000, 0x22f50000)
  from space 512K,  99% used [0x22fd0000, 0x2304ec00, 0x23050000)
  to   space 512K,   0% used [0x22f50000, 0x22f50000, 0x22fd0000)
 tenured generation   total 10944K, used 8686K [0x28050000, 0x28b00000, 0x32b00000)
   the space 10944K,  79% used [0x28050000, 0x288cb858, 0x288cba00, 0x28b00000)
 compacting perm gen  total 12288K, used 1090K [0x32b00000, 0x33700000, 0x36b00000)
   the space 12288K,   8% used [0x32b00000, 0x32c10a90, 0x32c10c00, 0x33700000)
    ro space 10240K,  45% used [0x36b00000, 0x36f873d8, 0x36f87400, 0x37500000)
    rw space 12288K,  54% used [0x37500000, 0x37b8acc8, 0x37b8ae00, 0x38100000)
}
Event: 0.477 GC heap before
{Heap before GC invocations=3 (full 0):
 def new generation   total 4928K, used 4912K [0x22b00000, 0x23050000, 0x28050000)
  eden space 4416K,  99% used [0x22b00000, 0x22f4d7a0, 0x22f50000)
  from space 512K,  99% used [0x22fd0000, 0x2304ec00, 0x23050000)
  to   space 512K,   0% used [0x22f50000, 0x22f50000, 0x22fd0000)
 tenured generation   total 10944K, used 8686K [0x28050000, 0x28b00000, 0x32b00000)
   the space 10944K,  79% used [0x28050000, 0x288cb858, 0x288cba00, 0x28b00000)
 compacting perm gen  total 12288K, used 1090K [0x32b00000, 0x33700000, 0x36b00000)
   the space 12288K,   8% used [0x32b00000, 0x32c10a90, 0x32c10c00, 0x33700000)
    ro space 10240K,  45% used [0x36b00000, 0x36f873d8, 0x36f87400, 0x37500000)
    rw space 12288K,  54% used [0x37500000, 0x37b8acc8, 0x37b8ae00, 0x38100000)
Event: 0.500 GC heap after
Heap after GC invocations=4 (full 1):
 def new generation   total 9856K, used 475K [0x22b00000, 0x235b0000, 0x28050000)
  eden space 8768K,   5% used [0x22b00000, 0x22b76d40, 0x23390000)
  from space 1088K,   0% used [0x23390000, 0x23390000, 0x234a0000)
  to   space 1088K,   0% used [0x234a0000, 0x234a0000, 0x235b0000)
 tenured generation   total 21856K, used 13111K [0x28050000, 0x295a8000, 0x32b00000)
   the space 21856K,  59% used [0x28050000, 0x28d1df18, 0x28d1e000, 0x295a8000)
 compacting perm gen  total 12288K, used 1090K [0x32b00000, 0x33700000, 0x36b00000)
   the space 12288K,   8% used [0x32b00000, 0x32c10a90, 0x32c10c00, 0x33700000)
    ro space 10240K,  45% used [0x36b00000, 0x36f873d8, 0x36f87400, 0x37500000)
    rw space 12288K,  54% used [0x37500000, 0x37b8acc8, 0x37b8ae00, 0x38100000)
}
Event: 0.503 GC heap before
{Heap before GC invocations=4 (full 1):
 def new generation   total 9856K, used 8765K [0x22b00000, 0x235b0000, 0x28050000)
  eden space 8768K,  99% used [0x22b00000, 0x2338f5d8, 0x23390000)
  from space 1088K,   0% used [0x23390000, 0x23390000, 0x234a0000)
  to   space 1088K,   0% used [0x234a0000, 0x234a0000, 0x235b0000)
 tenured generation   total 21856K, used 13111K [0x28050000, 0x295a8000, 0x32b00000)
   the space 21856K,  59% used [0x28050000, 0x28d1df18, 0x28d1e000, 0x295a8000)
 compacting perm gen  total 12288K, used 1090K [0x32b00000, 0x33700000, 0x36b00000)
   the space 12288K,   8% used [0x32b00000, 0x32c10a90, 0x32c10c00, 0x33700000)
    ro space 10240K,  45% used [0x36b00000, 0x36f873d8, 0x36f87400, 0x37500000)
    rw space 12288K,  54% used [0x37500000, 0x37b8acc8, 0x37b8ae00, 0x38100000)
Event: 0.513 GC heap after
Heap after GC invocations=5 (full 1):
 def new generation   total 9856K, used 1087K [0x22b00000, 0x235b0000, 0x28050000)
  eden space 8768K,   0% used [0x22b00000, 0x22b00000, 0x23390000)
  from space 1088K,  99% used [0x234a0000, 0x235affc0, 0x235b0000)
  to   space 1088K,   0% used [0x23390000, 0x23390000, 0x234a0000)
 tenured generation   total 21856K, used 20685K [0x28050000, 0x295a8000, 0x32b00000)
   the space 21856K,  94% used [0x28050000, 0x29483458, 0x29483600, 0x295a8000)
 compacting perm gen  total 12288K, used 1090K [0x32b00000, 0x33700000, 0x36b00000)
   the space 12288K,   8% used [0x32b00000, 0x32c10a90, 0x32c10c00, 0x33700000)
    ro space 10240K,  45% used [0x36b00000, 0x36f873d8, 0x36f87400, 0x37500000)
    rw space 12288K,  54% used [0x37500000, 0x37b8acc8, 0x37b8ae00, 0x38100000)
}
Event: 0.515 GC heap before
{Heap before GC invocations=5 (full 1):
 def new generation   total 9856K, used 9853K [0x22b00000, 0x235b0000, 0x28050000)
  eden space 8768K,  99% used [0x22b00000, 0x2338f800, 0x23390000)
  from space 1088K,  99% used [0x234a0000, 0x235affc0, 0x235b0000)
  to   space 1088K,   0% used [0x23390000, 0x23390000, 0x234a0000)
 tenured generation   total 21856K, used 20685K [0x28050000, 0x295a8000, 0x32b00000)
   the space 21856K,  94% used [0x28050000, 0x29483458, 0x29483600, 0x295a8000)
 compacting perm gen  total 12288K, used 1090K [0x32b00000, 0x33700000, 0x36b00000)
   the space 12288K,   8% used [0x32b00000, 0x32c10a90, 0x32c10c00, 0x33700000)
    ro space 10240K,  45% used [0x36b00000, 0x36f873d8, 0x36f87400, 0x37500000)
    rw space 12288K,  54% used [0x37500000, 0x37b8acc8, 0x37b8ae00, 0x38100000)
Event: 0.546 GC heap after
Heap after GC invocations=6 (full 2):
 def new generation   total 22208K, used 992K [0x22b00000, 0x24310000, 0x28050000)
  eden space 19776K,   5% used [0x22b00000, 0x22bf8380, 0x23e50000)
  from space 2432K,   0% used [0x23e50000, 0x23e50000, 0x240b0000)
  to   space 2432K,   0% used [0x240b0000, 0x240b0000, 0x24310000)
 tenured generation   total 49212K, used 29525K [0x28050000, 0x2b05f000, 0x32b00000)
   the space 49212K,  59% used [0x28050000, 0x29d25798, 0x29d25800, 0x2b05f000)
 compacting perm gen  total 12288K, used 1090K [0x32b00000, 0x33700000, 0x36b00000)
   the space 12288K,   8% used [0x32b00000, 0x32c10a90, 0x32c10c00, 0x33700000)
    ro space 10240K,  45% used [0x36b00000, 0x36f873d8, 0x36f87400, 0x37500000)
    rw space 12288K,  54% used [0x37500000, 0x37b8acc8, 0x37b8ae00, 0x38100000)
}

Deoptimization events (0 events):
No events

Internal exceptions (10 events):
Event: 0.382 Thread 0x003e8800 Threw 0x22b2b278 at C:\jdk7u2_32P\jdk7u17\hotspot\src\share\vm\prims\jvm.cpp:1166
Event: 0.382 Thread 0x003e8800 Threw 0x22b2f1e8 at C:\jdk7u2_32P\jdk7u17\hotspot\src\share\vm\prims\jvm.cpp:1166
Event: 0.430 Thread 0x003e8800 Threw 0x22b71ca8 at C:\jdk7u2_32P\jdk7u17\hotspot\src\share\vm\prims\jvm.cpp:1166
Event: 0.434 Thread 0x003e8800 Threw 0x22b77e00 at C:\jdk7u2_32P\jdk7u17\hotspot\src\share\vm\prims\jvm.cpp:1166
Event: 0.437 Thread 0x003e8800 Threw 0x22b7a6e0 at C:\jdk7u2_32P\jdk7u17\hotspot\src\share\vm\prims\jvm.cpp:1166
Event: 0.441 Thread 0x003e8800 Threw 0x22b805c0 at C:\jdk7u2_32P\jdk7u17\hotspot\src\share\vm\prims\jvm.cpp:1166
Event: 0.442 Thread 0x003e8800 Threw 0x22b82ff8 at C:\jdk7u2_32P\jdk7u17\hotspot\src\share\vm\prims\jvm.cpp:1166
Event: 0.460 Thread 0x003e8800 Threw 0x22b86ec8 at C:\jdk7u2_32P\jdk7u17\hotspot\src\share\vm\prims\jvm.cpp:1166
Event: 0.556 Thread 0x003e8800 Threw 0x23725298 at C:\jdk7u2_32P\jdk7u17\hotspot\src\share\vm\prims\jvm.cpp:1166
Event: 0.557 Thread 0x003e8800 Threw 0x23727e88 at C:\jdk7u2_32P\jdk7u17\hotspot\src\share\vm\prims\jvm.cpp:1166

Events (10 events):
Event: 0.477 Executing VM operation: GenCollectForAllocation
Event: 0.500 Executing VM operation: GenCollectForAllocation done
Event: 0.503 Executing VM operation: GenCollectForAllocation
Event: 0.513 Executing VM operation: GenCollectForAllocation done
Event: 0.515 Executing VM operation: GenCollectForAllocation
Event: 0.546 Executing VM operation: GenCollectForAllocation done
Event: 0.556 loading class 0x02fa46f0
Event: 0.556 loading class 0x02fa46f0 done
Event: 0.557 loading class 0x02fa46a8
Event: 0.557 loading class 0x02fa46a8 done


Dynamic libraries:
0x00400000 - 0x0042f000 	C:\Program Files\Java\jdk1.7.0_17\bin\java.exe
0x7c900000 - 0x7c9b2000 	C:\WINDOWS\system32\ntdll.dll
0x7c800000 - 0x7c8f6000 	C:\WINDOWS\system32\kernel32.dll
0x77dd0000 - 0x77e6b000 	C:\WINDOWS\system32\ADVAPI32.dll
0x77e70000 - 0x77f03000 	C:\WINDOWS\system32\RPCRT4.dll
0x77fe0000 - 0x77ff1000 	C:\WINDOWS\system32\Secur32.dll
0x7e410000 - 0x7e4a1000 	C:\WINDOWS\system32\USER32.dll
0x77f10000 - 0x77f59000 	C:\WINDOWS\system32\GDI32.dll
0x773d0000 - 0x774d3000 	C:\WINDOWS\WinSxS\x86_Microsoft.Windows.Common-Controls_6595b64144ccf1df_6.0.2600.6028_x-ww_61e65202\COMCTL32.dll
0x77c10000 - 0x77c68000 	C:\WINDOWS\system32\msvcrt.dll
0x77f60000 - 0x77fd6000 	C:\WINDOWS\system32\SHLWAPI.dll
0x76390000 - 0x763ad000 	C:\WINDOWS\system32\IMM32.DLL
0x629c0000 - 0x629c9000 	C:\WINDOWS\system32\LPK.DLL
0x74d90000 - 0x74dfb000 	C:\WINDOWS\system32\USP10.dll
0x78aa0000 - 0x78b5e000 	C:\Program Files\Java\jdk1.7.0_17\jre\bin\msvcr100.dll
0x6e8c0000 - 0x6ec0c000 	C:\Program Files\Java\jdk1.7.0_17\jre\bin\client\jvm.dll
0x71ad0000 - 0x71ad9000 	C:\WINDOWS\system32\WSOCK32.dll
0x71ab0000 - 0x71ac7000 	C:\WINDOWS\system32\WS2_32.dll
0x71aa0000 - 0x71aa8000 	C:\WINDOWS\system32\WS2HELP.dll
0x76b40000 - 0x76b6d000 	C:\WINDOWS\system32\WINMM.dll
0x76bf0000 - 0x76bfb000 	C:\WINDOWS\system32\PSAPI.DLL
0x6e810000 - 0x6e81c000 	C:\Program Files\Java\jdk1.7.0_17\jre\bin\verify.dll
0x6d590000 - 0x6d5b0000 	C:\Program Files\Java\jdk1.7.0_17\jre\bin\java.dll
0x6e8a0000 - 0x6e8b3000 	C:\Program Files\Java\jdk1.7.0_17\jre\bin\zip.dll
0x78050000 - 0x780b9000 	C:\WINDOWS\system32\msvcp100.dll
0x10000000 - 0x101ff000 	C:\opencv\build\x86\vc10\bin\opencv_core244.dll
0x03110000 - 0x03183000 	C:\Documents and Settings\pratchaya\Local Settings\Temp\javacpp14049706236127\jniopencv_core.dll
0x03190000 - 0x033ed000 	C:\opencv\build\x86\vc10\bin\opencv_imgproc244.dll
0x03400000 - 0x03437000 	C:\Documents and Settings\pratchaya\Local Settings\Temp\javacpp14049706236127\jniopencv_imgproc.dll
0x03440000 - 0x041d9000 	C:\opencv\build\x86\vc10\bin\opencv_ffmpeg244.dll
0x041e0000 - 0x043ea000 	C:\opencv\build\x86\vc10\bin\opencv_highgui244.dll
0x774e0000 - 0x7761e000 	C:\WINDOWS\system32\ole32.dll
0x77120000 - 0x771ab000 	C:\WINDOWS\system32\OLEAUT32.dll
0x73b50000 - 0x73b67000 	C:\WINDOWS\system32\AVIFIL32.dll
0x77be0000 - 0x77bf5000 	C:\WINDOWS\system32\MSACM32.dll
0x75a70000 - 0x75a91000 	C:\WINDOWS\system32\MSVFW32.dll
0x7c9c0000 - 0x7d1d7000 	C:\WINDOWS\system32\SHELL32.dll
0x73b80000 - 0x73b92000 	C:\WINDOWS\system32\AVICAP32.dll
0x77c00000 - 0x77c08000 	C:\WINDOWS\system32\VERSION.dll
0x04400000 - 0x0440f000 	C:\Documents and Settings\pratchaya\Local Settings\Temp\javacpp14049706236127\jniopencv_highgui.dll
0x59a60000 - 0x59b01000 	C:\WINDOWS\system32\dbghelp.dll

VM Arguments:
jvm_args: -Dfile.encoding=UTF-8 
java_command: javaimage2d.JavaImage2D
Launcher Type: SUN_STANDARD

Environment Variables:
CLASSPATH=C:\opencv\build\x86\vc10\lib;C:\opencv\b?uild\common\tbb\ia32\vc10;C:\opencv\buil?d\x86\vc10\staticlib;LASSPATH
PATH=C:\WINDOWS\system32;C:\WINDOWS;C:\WINDOWS\System32\Wbem;c:\Program Files\ATI Technologies\ATI.ACE\Core-Static;C:\Program Files\Java\jdk1.6.0_38\bin;C:\gnuplot\bin;C:\MinGW\bin;C:\msys\1.0\bin;C:\Python26;C:\Program Files\Java\jdk1.6.0_38\bin;C:\gnuplot\bin;C:\opencv\build\common\tbb\ia32\vc10\;C:?\opencv\build\x86\vc10\bin\;
USERNAME=pratchaya
OS=Windows_NT
PROCESSOR_IDENTIFIER=x86 Family 6 Model 37 Stepping 5, GenuineIntel



---------------  S Y S T E M  ---------------

OS: Windows XP Build 2600 Service Pack 3

CPU:total 4 (2 cores per cpu, 2 threads per core) family 6 model 37 stepping 5, cmov, cx8, fxsr, mmx, sse, sse2, sse3, ssse3, sse4.1, sse4.2, popcnt, ht, tsc, tscinvbit

Memory: 4k page, physical 2021156k(327984k free), swap 3959296k(1813748k free)

vm_info: Java HotSpot(TM) Client VM (23.7-b01) for windows-x86 JRE (1.7.0_17-b02), built on Mar  1 2013 05:04:36 by "java_re" with unknown MS VC++:1600

time: Thu Mar 21 23:21:11 2013
elapsed time: 0 seconds

