#
# A fatal error has been detected by the Java Runtime Environment:
#
#  EXCEPTION_UNCAUGHT_CXX_EXCEPTION (0xe06d7363) at pc=0x7c812fd3, pid=15016, tid=16008
#
# JRE version: 7.0_17-b02
# Java VM: Java HotSpot(TM) Client VM (23.7-b01 mixed mode, sharing windows-x86 )
# Problematic frame:
# C  [kernel32.dll+0x12fd3]  RaiseException+0x52
#
# Failed to write core dump. Minidumps are not enabled by default on client versions of Windows
#
# If you would like to submit a bug report, please visit:
#   http://bugreport.sun.com/bugreport/crash.jsp
# The crash happened outside the Java Virtual Machine in native code.
# See problematic frame for where to report the bug.
#

---------------  T H R E A D  ---------------

Current thread (0x003e9000):  JavaThread "main" [_thread_in_native, id=16008, stack(0x00910000,0x00960000)]

siginfo: ExceptionCode=0xe06d7363, ExceptionInformation=0x19930520 0x0094c2e8 0x101d157c 

Registers:
EAX=0x0094c244, EBX=0x00000cfe, ECX=0x00000000, EDX=0x0094c2e8
ESP=0x0094c240, EBP=0x0094c294, ESI=0x0094c2cc, EDI=0x78ab1ec6
EIP=0x7c812fd3, EFLAGS=0x00000206

Top of Stack: (sp=0x0094c240)
0x0094c240:   0095df74 e06d7363 00000001 00000000
0x0094c250:   7c812fd3 00000003 19930520 0094c2e8
0x0094c260:   101d157c 00000000 02ff5740 0094c34c
0x0094c270:   0094c258 0094c34c 00000031 0094c29c
0x0094c280:   100040fe 02ff5740 02fb4478 00000031
0x0094c290:   0095df74 0094c2cc 78ac7819 e06d7363
0x0094c2a0:   00000001 00000003 0094c2c0 e06d7363
0x0094c2b0:   00000001 00000000 00000000 00000003 

Instructions: (pc=0x7c812fd3)
0x7c812fb3:   f9 0f 0f 87 05 1a 03 00 85 c9 89 4d c0 74 07 57
0x7c812fc3:   8d 7d c4 f3 a5 5f 8d 45 b0 50 ff 15 10 15 80 7c
0x7c812fd3:   5e c9 c2 10 00 85 ff 0f 8e 5e 8e ff ff 8b 55 fc
0x7c812fe3:   89 55 0c 0f b7 16 8b 7d f8 8a 14 3a 88 11 8b 78 


Register to memory mapping:

EAX=0x0094c244 is pointing into the stack for thread: 0x003e9000
EBX=0x00000cfe is an unknown value
ECX=0x00000000 is an unknown value
EDX=0x0094c2e8 is pointing into the stack for thread: 0x003e9000
ESP=0x0094c240 is pointing into the stack for thread: 0x003e9000
EBP=0x0094c294 is pointing into the stack for thread: 0x003e9000
ESI=0x0094c2cc is pointing into the stack for thread: 0x003e9000
EDI=0x78ab1ec6 is an unknown value


Stack: [0x00910000,0x00960000],  sp=0x0094c240,  free space=240k
Native frames: (J=compiled Java code, j=interpreted, Vv=VM code, C=native code)
C  [kernel32.dll+0x12fd3]  RaiseException+0x52
C  [msvcr100.dll+0x27819]  CxxThrowException+0x45

Java frames: (J=compiled Java code, j=interpreted, Vv=VM code)
j  com.googlecode.javacv.cpp.opencv_imgproc.cvCvtColor(Lcom/googlecode/javacv/cpp/opencv_core$CvArr;Lcom/googlecode/javacv/cpp/opencv_core$CvArr;I)V+0
j  javaimage2d.Grayscale.apply(Lcom/googlecode/javacv/cpp/opencv_core$IplImage;)Lcom/googlecode/javacv/cpp/opencv_core$IplImage;+15
j  javaimage2d.FindABContext.Max(Lcom/googlecode/javacv/cpp/opencv_core$IplImage;)V+6
j  javaimage2d.VerticalRotate.apply(Lcom/googlecode/javacv/cpp/opencv_core$IplImage;)Lcom/googlecode/javacv/cpp/opencv_core$IplImage;+238
j  javaimage2d.JavaImage2D.<init>()V+24
j  javaimage2d.JavaImage2D.main([Ljava/lang/String;)V+12
v  ~StubRoutines::call_stub

---------------  P R O C E S S  ---------------

Java Threads: ( => current thread )
  0x02aca000 JavaThread "Service Thread" daemon [_thread_blocked, id=15660, stack(0x02e70000,0x02ec0000)]
  0x02ac7c00 JavaThread "C1 CompilerThread0" daemon [_thread_blocked, id=15024, stack(0x02e20000,0x02e70000)]
  0x02ac2800 JavaThread "Attach Listener" daemon [_thread_blocked, id=15656, stack(0x02dd0000,0x02e20000)]
  0x02ac1400 JavaThread "Signal Dispatcher" daemon [_thread_blocked, id=14824, stack(0x02d80000,0x02dd0000)]
  0x02aa4c00 JavaThread "Finalizer" daemon [_thread_blocked, id=16020, stack(0x02d10000,0x02d60000)]
  0x02aa0000 JavaThread "Reference Handler" daemon [_thread_blocked, id=16052, stack(0x02cc0000,0x02d10000)]
=>0x003e9000 JavaThread "main" [_thread_in_native, id=16008, stack(0x00910000,0x00960000)]

Other Threads:
  0x02a9e400 VMThread [stack: 0x02c70000,0x02cc0000] [id=15212]
  0x02add400 WatcherThread [stack: 0x02ec0000,0x02f10000] [id=15672]

VM state:not at safepoint (normal execution)

VM Mutex/Monitor currently owned by a thread: None

Heap
 def new generation   total 4928K, used 1193K [0x22b00000, 0x23050000, 0x28050000)
  eden space 4416K,  15% used [0x22b00000, 0x22baa598, 0x22f50000)
  from space 512K, 100% used [0x22fd0000, 0x23050000, 0x23050000)
  to   space 512K,   0% used [0x22f50000, 0x22f50000, 0x22fd0000)
 tenured generation   total 10944K, used 433K [0x28050000, 0x28b00000, 0x32b00000)
   the space 10944K,   3% used [0x28050000, 0x280bc670, 0x280bc800, 0x28b00000)
 compacting perm gen  total 12288K, used 1085K [0x32b00000, 0x33700000, 0x36b00000)
   the space 12288K,   8% used [0x32b00000, 0x32c0f420, 0x32c0f600, 0x33700000)
    ro space 10240K,  45% used [0x36b00000, 0x36f873d8, 0x36f87400, 0x37500000)
    rw space 12288K,  54% used [0x37500000, 0x37b8acc8, 0x37b8ae00, 0x38100000)

Card table byte_map: [0x02b10000,0x02bc0000] byte_map_base: 0x029fa800

Polling page: 0x00960000

Code Cache  [0x00990000, 0x00a48000, 0x02990000)
 total_blobs=256 nmethods=82 adapters=109 free_code_cache=32035Kb largest_free_block=32804736

Compilation events (10 events):
Event: 0.379 Thread 0x02ac7c00   78             java.lang.StringBuilder::<init> (7 bytes)
Event: 0.380 Thread 0x02ac7c00 nmethod 78 0x00a45dc8 code [0x00a45ec0, 0x00a45fd0]
Event: 0.380 Thread 0x02ac7c00   79             java.lang.AbstractStringBuilder::expandCapacity (50 bytes)
Event: 0.380 Thread 0x02ac7c00 nmethod 79 0x00a46048 code [0x00a46160, 0x00a46398]
Event: 0.423 Thread 0x02ac7c00   80             java.lang.String::indexOf (7 bytes)
Event: 0.423 Thread 0x02ac7c00 nmethod 80 0x00a469c8 code [0x00a46ac0, 0x00a46b5c]
Event: 0.423 Thread 0x02ac7c00   81             java.net.URL::getProtocol (5 bytes)
Event: 0.423 Thread 0x02ac7c00 nmethod 81 0x00a46bc8 code [0x00a46cc0, 0x00a46d40]
Event: 1.569 Thread 0x02ac7c00   82             java.net.URL::getHost (5 bytes)
Event: 1.570 Thread 0x02ac7c00 nmethod 82 0x00a46d88 code [0x00a46e80, 0x00a46f00]

GC Heap History (2 events):
Event: 0.350 GC heap before
{Heap before GC invocations=0 (full 0):
 def new generation   total 4928K, used 4416K [0x22b00000, 0x23050000, 0x28050000)
  eden space 4416K, 100% used [0x22b00000, 0x22f50000, 0x22f50000)
  from space 512K,   0% used [0x22f50000, 0x22f50000, 0x22fd0000)
  to   space 512K,   0% used [0x22fd0000, 0x22fd0000, 0x23050000)
 tenured generation   total 10944K, used 0K [0x28050000, 0x28b00000, 0x32b00000)
   the space 10944K,   0% used [0x28050000, 0x28050000, 0x28050200, 0x28b00000)
 compacting perm gen  total 12288K, used 1013K [0x32b00000, 0x33700000, 0x36b00000)
   the space 12288K,   8% used [0x32b00000, 0x32bfd4b0, 0x32bfd600, 0x33700000)
    ro space 10240K,  45% used [0x36b00000, 0x36f873d8, 0x36f87400, 0x37500000)
    rw space 12288K,  54% used [0x37500000, 0x37b8acc8, 0x37b8ae00, 0x38100000)
Event: 0.354 GC heap after
Heap after GC invocations=1 (full 0):
 def new generation   total 4928K, used 512K [0x22b00000, 0x23050000, 0x28050000)
  eden space 4416K,   0% used [0x22b00000, 0x22b00000, 0x22f50000)
  from space 512K, 100% used [0x22fd0000, 0x23050000, 0x23050000)
  to   space 512K,   0% used [0x22f50000, 0x22f50000, 0x22fd0000)
 tenured generation   total 10944K, used 433K [0x28050000, 0x28b00000, 0x32b00000)
   the space 10944K,   3% used [0x28050000, 0x280bc670, 0x280bc800, 0x28b00000)
 compacting perm gen  total 12288K, used 1013K [0x32b00000, 0x33700000, 0x36b00000)
   the space 12288K,   8% used [0x32b00000, 0x32bfd4b0, 0x32bfd600, 0x33700000)
    ro space 10240K,  45% used [0x36b00000, 0x36f873d8, 0x36f87400, 0x37500000)
    rw space 12288K,  54% used [0x37500000, 0x37b8acc8, 0x37b8ae00, 0x38100000)
}

Deoptimization events (0 events):
No events

Internal exceptions (10 events):
Event: 0.358 Thread 0x003e9000 Threw 0x22b0db88 at C:\jdk7u2_32P\jdk7u17\hotspot\src\share\vm\prims\jvm.cpp:1166
Event: 0.359 Thread 0x003e9000 Threw 0x22b12a60 at C:\jdk7u2_32P\jdk7u17\hotspot\src\share\vm\prims\jvm.cpp:1166
Event: 0.360 Thread 0x003e9000 Threw 0x22b2cb28 at C:\jdk7u2_32P\jdk7u17\hotspot\src\share\vm\prims\jvm.cpp:1166
Event: 0.418 Thread 0x003e9000 Threw 0x22b64398 at C:\jdk7u2_32P\jdk7u17\hotspot\src\share\vm\prims\jvm.cpp:1166
Event: 0.422 Thread 0x003e9000 Threw 0x22b794a0 at C:\jdk7u2_32P\jdk7u17\hotspot\src\share\vm\prims\jvm.cpp:1166
Event: 0.422 Thread 0x003e9000 Threw 0x22b7d808 at C:\jdk7u2_32P\jdk7u17\hotspot\src\share\vm\prims\jvm.cpp:1166
Event: 0.423 Thread 0x003e9000 Threw 0x22b80198 at C:\jdk7u2_32P\jdk7u17\hotspot\src\share\vm\prims\jvm.cpp:1166
Event: 0.424 Thread 0x003e9000 Threw 0x22b829a8 at C:\jdk7u2_32P\jdk7u17\hotspot\src\share\vm\prims\jvm.cpp:1166
Event: 1.568 Thread 0x003e9000 Threw 0x22b882d8 at C:\jdk7u2_32P\jdk7u17\hotspot\src\share\vm\prims\jvm.cpp:1166
Event: 1.598 Thread 0x003e9000 Threw 0x22b960c8 at C:\jdk7u2_32P\jdk7u17\hotspot\src\share\vm\prims\jvm.cpp:1166

Events (10 events):
Event: 0.422 loading class 0x02fb5978
Event: 0.422 loading class 0x02fb5978 done
Event: 0.423 loading class 0x030022f0
Event: 0.423 loading class 0x030022f0 done
Event: 0.424 loading class 0x02fd4ea8
Event: 0.424 loading class 0x02fd4ea8 done
Event: 1.568 loading class 0x02fcc850
Event: 1.568 loading class 0x02fcc850 done
Event: 1.597 loading class 0x02b0b8a8
Event: 1.597 loading class 0x02b0b8a8 done


Dynamic libraries:
0x00400000 - 0x0042f000 	C:\Program Files\Java\jdk1.7.0_17\bin\java.exe
0x7c900000 - 0x7c9b2000 	C:\WINDOWS\system32\ntdll.dll
0x7c800000 - 0x7c8f6000 	C:\WINDOWS\system32\kernel32.dll
0x77dd0000 - 0x77e6b000 	C:\WINDOWS\system32\ADVAPI32.dll
0x77e70000 - 0x77f03000 	C:\WINDOWS\system32\RPCRT4.dll
0x77fe0000 - 0x77ff1000 	C:\WINDOWS\system32\Secur32.dll
0x7e410000 - 0x7e4a1000 	C:\WINDOWS\system32\USER32.dll
0x77f10000 - 0x77f59000 	C:\WINDOWS\system32\GDI32.dll
0x773d0000 - 0x774d3000 	C:\WINDOWS\WinSxS\x86_Microsoft.Windows.Common-Controls_6595b64144ccf1df_6.0.2600.6028_x-ww_61e65202\COMCTL32.dll
0x77c10000 - 0x77c68000 	C:\WINDOWS\system32\msvcrt.dll
0x77f60000 - 0x77fd6000 	C:\WINDOWS\system32\SHLWAPI.dll
0x76390000 - 0x763ad000 	C:\WINDOWS\system32\IMM32.DLL
0x629c0000 - 0x629c9000 	C:\WINDOWS\system32\LPK.DLL
0x74d90000 - 0x74dfb000 	C:\WINDOWS\system32\USP10.dll
0x78aa0000 - 0x78b5e000 	C:\Program Files\Java\jdk1.7.0_17\jre\bin\msvcr100.dll
0x6e8c0000 - 0x6ec0c000 	C:\Program Files\Java\jdk1.7.0_17\jre\bin\client\jvm.dll
0x71ad0000 - 0x71ad9000 	C:\WINDOWS\system32\WSOCK32.dll
0x71ab0000 - 0x71ac7000 	C:\WINDOWS\system32\WS2_32.dll
0x71aa0000 - 0x71aa8000 	C:\WINDOWS\system32\WS2HELP.dll
0x76b40000 - 0x76b6d000 	C:\WINDOWS\system32\WINMM.dll
0x76bf0000 - 0x76bfb000 	C:\WINDOWS\system32\PSAPI.DLL
0x6e810000 - 0x6e81c000 	C:\Program Files\Java\jdk1.7.0_17\jre\bin\verify.dll
0x6d590000 - 0x6d5b0000 	C:\Program Files\Java\jdk1.7.0_17\jre\bin\java.dll
0x6e8a0000 - 0x6e8b3000 	C:\Program Files\Java\jdk1.7.0_17\jre\bin\zip.dll
0x78050000 - 0x780b9000 	C:\WINDOWS\system32\msvcp100.dll
0x10000000 - 0x101ff000 	C:\opencv\build\x86\vc10\bin\opencv_core244.dll
0x03120000 - 0x03193000 	C:\Documents and Settings\pratchaya\Local Settings\Temp\javacpp31063893554627\jniopencv_core.dll
0x031a0000 - 0x033fd000 	C:\opencv\build\x86\vc10\bin\opencv_imgproc244.dll
0x03410000 - 0x03447000 	C:\Documents and Settings\pratchaya\Local Settings\Temp\javacpp31063893554627\jniopencv_imgproc.dll
0x03450000 - 0x041e9000 	C:\opencv\build\x86\vc10\bin\opencv_ffmpeg244.dll
0x041f0000 - 0x043fa000 	C:\opencv\build\x86\vc10\bin\opencv_highgui244.dll
0x774e0000 - 0x7761e000 	C:\WINDOWS\system32\ole32.dll
0x77120000 - 0x771ab000 	C:\WINDOWS\system32\OLEAUT32.dll
0x73b50000 - 0x73b67000 	C:\WINDOWS\system32\AVIFIL32.dll
0x77be0000 - 0x77bf5000 	C:\WINDOWS\system32\MSACM32.dll
0x75a70000 - 0x75a91000 	C:\WINDOWS\system32\MSVFW32.dll
0x7c9c0000 - 0x7d1d7000 	C:\WINDOWS\system32\SHELL32.dll
0x73b80000 - 0x73b92000 	C:\WINDOWS\system32\AVICAP32.dll
0x77c00000 - 0x77c08000 	C:\WINDOWS\system32\VERSION.dll
0x04410000 - 0x0441f000 	C:\Documents and Settings\pratchaya\Local Settings\Temp\javacpp31063893554627\jniopencv_highgui.dll
0x5ad70000 - 0x5ada8000 	C:\WINDOWS\system32\uxtheme.dll
0x74720000 - 0x7476c000 	C:\WINDOWS\system32\MSCTF.dll
0x755c0000 - 0x755ee000 	C:\WINDOWS\system32\msctfime.ime
0x044d0000 - 0x044e9000 	C:\WINDOWS\system32\btmmhook.dll
0x04720000 - 0x04728000 	C:\Program Files\Internet Download Manager\idmmkb.dll
0x59a60000 - 0x59b01000 	C:\WINDOWS\system32\dbghelp.dll

VM Arguments:
jvm_args: -Dfile.encoding=UTF-8 
java_command: javaimage2d.JavaImage2D
Launcher Type: SUN_STANDARD

Environment Variables:
JAVA_HOME=C:\Program Files\Java\jdk1.7.0_17
CLASSPATH=C:\Documents and Settings\pratchaya\.m2\repository\com\googlecode\javacpp\javacpp\0.5\javacpp-0.5.jar;C:\Documents and Settings\pratchaya\.m2\repository\com\googlecode\javacv\javacv\0.5\javacv-0.5.jar;C:\JavaCV\javacv-windows-x86.jar;C:\JavaCV\jna.jar;C:\Program Files\Java\jdk1.7.0_17\bin;C:\opencv\build\x86\vc11\bin;C:\javacv-cppjars\opencv-2.4.5-windows-x86.jar;C:\opencv\build\x86\vc10\lib;C:\opencv\b?uild\common\tbb\bin\ia32\vc10;C:\opencv\buil?d\x86\vc10\staticlib;
PATH=C:\WINDOWS\system32;C:\WINDOWS;C:\WINDOWS\System32\Wbem;C:\Program Files\Java\jdk1.7.0_17\bin;D:\maven\bin;C:\Program Files\Apache Software Foundation\Apache Tomcat 7.0.34/conf/tomcat-users.xml;D:\maven/conf/settings.xml;c:\Program Files\ATI Technologies\ATI.ACE\Core-Static;C:\Documents and Settings\pratchaya\.m2\repository\com\googlecode\javacpp\javacpp\0.5\javacpp-0.5.jar;C:\Documents and Settings\pratchaya\.m2\repository\com\googlecode\javacv\javacv\0.5\javacv-0.5.jar;C:\JavaCV\javacv-windows-x86.jar;C:\JavaCV\jna.jar;C:\Program Files\Java\jdk1.7.0_17\bin;C:\opencv\build\common\tbb\bin\ia32\vc10\;C:?\opencv\build\x86\vc10\bin\;C:\javacv-cppjars\
USERNAME=pratchaya
OS=Windows_NT
PROCESSOR_IDENTIFIER=x86 Family 6 Model 37 Stepping 5, GenuineIntel



---------------  S Y S T E M  ---------------

OS: Windows XP Build 2600 Service Pack 3

CPU:total 4 (2 cores per cpu, 2 threads per core) family 6 model 37 stepping 5, cmov, cx8, fxsr, mmx, sse, sse2, sse3, ssse3, sse4.1, sse4.2, popcnt, ht, tsc, tscinvbit

Memory: 4k page, physical 2021156k(259772k free), swap 3959296k(1415972k free)

vm_info: Java HotSpot(TM) Client VM (23.7-b01) for windows-x86 JRE (1.7.0_17-b02), built on Mar  1 2013 05:04:36 by "java_re" with unknown MS VC++:1600

time: Wed Jul 03 03:30:09 2013
elapsed time: 1 seconds

