#
# A fatal error has been detected by the Java Runtime Environment:
#
#  EXCEPTION_UNCAUGHT_CXX_EXCEPTION (0xe06d7363) at pc=0x7c812fd3, pid=7736, tid=6228
#
# JRE version: 7.0_17-b02
# Java VM: Java HotSpot(TM) Client VM (23.7-b01 mixed mode, sharing windows-x86 )
# Problematic frame:
# C  [kernel32.dll+0x12fd3]  RaiseException+0x52
#
# Failed to write core dump. Minidumps are not enabled by default on client versions of Windows
#
# If you would like to submit a bug report, please visit:
#   http://bugreport.sun.com/bugreport/crash.jsp
# The crash happened outside the Java Virtual Machine in native code.
# See problematic frame for where to report the bug.
#

---------------  T H R E A D  ---------------

Current thread (0x003e9000):  JavaThread "main" [_thread_in_native, id=6228, stack(0x00900000,0x00950000)]

siginfo: ExceptionCode=0xe06d7363, ExceptionInformation=0x19930520 0x0093f944 0x101d157c 

Registers:
EAX=0x0093f8a0, EBX=0x00000953, ECX=0x00000000, EDX=0x0093f944
ESP=0x0093f89c, EBP=0x0093f8f0, ESI=0x0093f928, EDI=0x78ab1ec6
EIP=0x7c812fd3, EFLAGS=0x00000206

Top of Stack: (sp=0x0093f89c)
0x0093f89c:   0094f9e8 e06d7363 00000001 00000000
0x0093f8ac:   7c812fd3 00000003 19930520 0093f944
0x0093f8bc:   101d157c 00000000 030f45a8 0093f9a8
0x0093f8cc:   0093f8b4 0093f9a8 00000030 0093f8f8
0x0093f8dc:   100040fe 030f45a8 030f29b8 00000030
0x0093f8ec:   0094f9e8 0093f928 78ac7819 e06d7363
0x0093f8fc:   00000001 00000003 0093f91c e06d7363
0x0093f90c:   00000001 00000000 00000000 00000003 

Instructions: (pc=0x7c812fd3)
0x7c812fb3:   f9 0f 0f 87 05 1a 03 00 85 c9 89 4d c0 74 07 57
0x7c812fc3:   8d 7d c4 f3 a5 5f 8d 45 b0 50 ff 15 10 15 80 7c
0x7c812fd3:   5e c9 c2 10 00 85 ff 0f 8e 5e 8e ff ff 8b 55 fc
0x7c812fe3:   89 55 0c 0f b7 16 8b 7d f8 8a 14 3a 88 11 8b 78 


Register to memory mapping:

EAX=0x0093f8a0 is pointing into the stack for thread: 0x003e9000
EBX=0x00000953 is an unknown value
ECX=0x00000000 is an unknown value
EDX=0x0093f944 is pointing into the stack for thread: 0x003e9000
ESP=0x0093f89c is pointing into the stack for thread: 0x003e9000
EBP=0x0093f8f0 is pointing into the stack for thread: 0x003e9000
ESI=0x0093f928 is pointing into the stack for thread: 0x003e9000
EDI=0x78ab1ec6 is an unknown value


Stack: [0x00900000,0x00950000],  sp=0x0093f89c,  free space=254k
Native frames: (J=compiled Java code, j=interpreted, Vv=VM code, C=native code)
C  [kernel32.dll+0x12fd3]  RaiseException+0x52
C  [msvcr100.dll+0x27819]  CxxThrowException+0x45

Java frames: (J=compiled Java code, j=interpreted, Vv=VM code)
j  com.googlecode.javacv.cpp.opencv_core.cvInitFont(Lcom/googlecode/javacv/cpp/opencv_core$CvFont;IDDDII)V+0
j  com.googlecode.javacv.cpp.opencv_core$CvFont.<init>(IDI)V+17
j  com.pratchaya.cv.imgproc.Classification.classifier()V+535
j  com.pratchaya.cv.imgproc.Core_proc.<init>()V+62
j  com.pratchaya.cv.imgproc.Core_proc.main([Ljava/lang/String;)V+12
v  ~StubRoutines::call_stub

---------------  P R O C E S S  ---------------

Java Threads: ( => current thread )
  0x02aba000 JavaThread "Service Thread" daemon [_thread_blocked, id=6980, stack(0x02e60000,0x02eb0000)]
  0x02ab4400 JavaThread "C1 CompilerThread0" daemon [_thread_blocked, id=7036, stack(0x02e10000,0x02e60000)]
  0x02ab2800 JavaThread "Attach Listener" daemon [_thread_blocked, id=7024, stack(0x02dc0000,0x02e10000)]
  0x02ab1400 JavaThread "Signal Dispatcher" daemon [_thread_blocked, id=7232, stack(0x02d70000,0x02dc0000)]
  0x02a94c00 JavaThread "Finalizer" daemon [_thread_blocked, id=7276, stack(0x02d00000,0x02d50000)]
  0x02a90000 JavaThread "Reference Handler" daemon [_thread_blocked, id=7560, stack(0x02cb0000,0x02d00000)]
=>0x003e9000 JavaThread "main" [_thread_in_native, id=6228, stack(0x00900000,0x00950000)]

Other Threads:
  0x02a8e400 VMThread [stack: 0x02c60000,0x02cb0000] [id=7512]
  0x02acd000 WatcherThread [stack: 0x02eb0000,0x02f00000] [id=7712]

VM state:not at safepoint (normal execution)

VM Mutex/Monitor currently owned by a thread: None

Heap
 def new generation   total 4928K, used 1474K [0x22b00000, 0x23050000, 0x28050000)
  eden space 4416K,  21% used [0x22b00000, 0x22bf08a8, 0x22f50000)
  from space 512K, 100% used [0x22fd0000, 0x23050000, 0x23050000)
  to   space 512K,   0% used [0x22f50000, 0x22f50000, 0x22fd0000)
 tenured generation   total 10944K, used 433K [0x28050000, 0x28b00000, 0x32b00000)
   the space 10944K,   3% used [0x28050000, 0x280bc5b0, 0x280bc600, 0x28b00000)
 compacting perm gen  total 12288K, used 1202K [0x32b00000, 0x33700000, 0x36b00000)
   the space 12288K,   9% used [0x32b00000, 0x32c2ca08, 0x32c2cc00, 0x33700000)
    ro space 10240K,  45% used [0x36b00000, 0x36f873d8, 0x36f87400, 0x37500000)
    rw space 12288K,  54% used [0x37500000, 0x37b8acc8, 0x37b8ae00, 0x38100000)

Card table byte_map: [0x02b00000,0x02bb0000] byte_map_base: 0x029ea800

Polling page: 0x00950000

Code Cache  [0x00980000, 0x00a40000, 0x02980000)
 total_blobs=269 nmethods=91 adapters=113 free_code_cache=32013Kb largest_free_block=32781440

Compilation events (10 events):
Event: 1.605 Thread 0x02ab4400   86             java.lang.ref.Reference::get (5 bytes)
Event: 1.606 Thread 0x02ab4400 nmethod 86 0x00a37c88 code [0x00a37d80, 0x00a37e00]
Event: 1.606 Thread 0x02ab4400   87             sun.nio.cs.UTF_8$Decoder::decode (640 bytes)
Event: 1.614 Thread 0x02ab4400 nmethod 87 0x00a37e48 code [0x00a381a0, 0x00a39580]
Event: 1.614 Thread 0x02ab4400   88             java.io.BufferedInputStream::getBufIfOpen (21 bytes)
Event: 1.614 Thread 0x02ab4400 nmethod 88 0x00a3bbc8 code [0x00a3bcd0, 0x00a3bdcc]
Event: 1.614 Thread 0x02ab4400   89  s          java.io.BufferedInputStream::read (49 bytes)
Event: 1.615 Thread 0x02ab4400 nmethod 89 0x00a3be48 code [0x00a3bf70, 0x00a3c258]
Event: 1.620 Thread 0x02ab4400   91             java.lang.reflect.Method::getName (5 bytes)
Event: 1.620 Thread 0x02ab4400 nmethod 91 0x00a3c9c8 code [0x00a3cac0, 0x00a3cb40]

GC Heap History (2 events):
Event: 0.212 GC heap before
{Heap before GC invocations=0 (full 0):
 def new generation   total 4928K, used 4416K [0x22b00000, 0x23050000, 0x28050000)
  eden space 4416K, 100% used [0x22b00000, 0x22f50000, 0x22f50000)
  from space 512K,   0% used [0x22f50000, 0x22f50000, 0x22fd0000)
  to   space 512K,   0% used [0x22fd0000, 0x22fd0000, 0x23050000)
 tenured generation   total 10944K, used 0K [0x28050000, 0x28b00000, 0x32b00000)
   the space 10944K,   0% used [0x28050000, 0x28050000, 0x28050200, 0x28b00000)
 compacting perm gen  total 12288K, used 1014K [0x32b00000, 0x33700000, 0x36b00000)
   the space 12288K,   8% used [0x32b00000, 0x32bfda68, 0x32bfdc00, 0x33700000)
    ro space 10240K,  45% used [0x36b00000, 0x36f873d8, 0x36f87400, 0x37500000)
    rw space 12288K,  54% used [0x37500000, 0x37b8acc8, 0x37b8ae00, 0x38100000)
Event: 0.219 GC heap after
Heap after GC invocations=1 (full 0):
 def new generation   total 4928K, used 512K [0x22b00000, 0x23050000, 0x28050000)
  eden space 4416K,   0% used [0x22b00000, 0x22b00000, 0x22f50000)
  from space 512K, 100% used [0x22fd0000, 0x23050000, 0x23050000)
  to   space 512K,   0% used [0x22f50000, 0x22f50000, 0x22fd0000)
 tenured generation   total 10944K, used 433K [0x28050000, 0x28b00000, 0x32b00000)
   the space 10944K,   3% used [0x28050000, 0x280bc5b0, 0x280bc600, 0x28b00000)
 compacting perm gen  total 12288K, used 1014K [0x32b00000, 0x33700000, 0x36b00000)
   the space 12288K,   8% used [0x32b00000, 0x32bfda68, 0x32bfdc00, 0x33700000)
    ro space 10240K,  45% used [0x36b00000, 0x36f873d8, 0x36f87400, 0x37500000)
    rw space 12288K,  54% used [0x37500000, 0x37b8acc8, 0x37b8ae00, 0x38100000)
}

Deoptimization events (0 events):
No events

Internal exceptions (10 events):
Event: 1.548 Thread 0x003e9000 Threw 0x22b616f0 at C:\jdk7u2_32P\jdk7u17\hotspot\src\share\vm\prims\jvm.cpp:1166
Event: 1.552 Thread 0x003e9000 Threw 0x22b83fb8 at C:\jdk7u2_32P\jdk7u17\hotspot\src\share\vm\prims\jvm.cpp:1166
Event: 1.555 Thread 0x003e9000 Threw 0x22b88c30 at C:\jdk7u2_32P\jdk7u17\hotspot\src\share\vm\prims\jvm.cpp:1166
Event: 1.559 Thread 0x003e9000 Threw 0x22b8bb08 at C:\jdk7u2_32P\jdk7u17\hotspot\src\share\vm\prims\jvm.cpp:1166
Event: 1.562 Thread 0x003e9000 Threw 0x22b8e8b8 at C:\jdk7u2_32P\jdk7u17\hotspot\src\share\vm\prims\jvm.cpp:1166
Event: 1.566 Thread 0x003e9000 Threw 0x22b97b40 at C:\jdk7u2_32P\jdk7u17\hotspot\src\share\vm\prims\jvm.cpp:1166
Event: 1.574 Thread 0x003e9000 Threw 0x22ba3528 at C:\jdk7u2_32P\jdk7u17\hotspot\src\share\vm\prims\jvm.cpp:1166
Event: 1.575 Thread 0x003e9000 Threw 0x22ba60b0 at C:\jdk7u2_32P\jdk7u17\hotspot\src\share\vm\prims\jvm.cpp:1166
Event: 1.588 Thread 0x003e9000 Threw 0x22bad4b8 at C:\jdk7u2_32P\jdk7u17\hotspot\src\share\vm\prims\jvm.cpp:1166
Event: 1.591 Thread 0x003e9000 Threw 0x22bb3018 at C:\jdk7u2_32P\jdk7u17\hotspot\src\share\vm\prims\jvm.cpp:1166

Events (10 events):
Event: 1.617 loading class 0x02fda3f8
Event: 1.617 loading class 0x02fda3f8 done
Event: 1.617 loading class 0x030ff4b8
Event: 1.618 loading class 0x030ff4b8 done
Event: 1.618 loading class 0x0512f758
Event: 1.618 loading class 0x0512f758 done
Event: 1.618 loading class 0x030ff4f0
Event: 1.618 loading class 0x030ff4f0 done
Event: 1.618 loading class 0x0512f790
Event: 1.618 loading class 0x0512f790 done


Dynamic libraries:
0x00400000 - 0x0042f000 	C:\Program Files\Java\jdk1.7.0_17\bin\java.exe
0x7c900000 - 0x7c9b2000 	C:\WINDOWS\system32\ntdll.dll
0x7c800000 - 0x7c8f6000 	C:\WINDOWS\system32\kernel32.dll
0x77dd0000 - 0x77e6b000 	C:\WINDOWS\system32\ADVAPI32.dll
0x77e70000 - 0x77f03000 	C:\WINDOWS\system32\RPCRT4.dll
0x77fe0000 - 0x77ff1000 	C:\WINDOWS\system32\Secur32.dll
0x7e410000 - 0x7e4a1000 	C:\WINDOWS\system32\USER32.dll
0x77f10000 - 0x77f59000 	C:\WINDOWS\system32\GDI32.dll
0x773d0000 - 0x774d3000 	C:\WINDOWS\WinSxS\x86_Microsoft.Windows.Common-Controls_6595b64144ccf1df_6.0.2600.6028_x-ww_61e65202\COMCTL32.dll
0x77c10000 - 0x77c68000 	C:\WINDOWS\system32\msvcrt.dll
0x77f60000 - 0x77fd6000 	C:\WINDOWS\system32\SHLWAPI.dll
0x76390000 - 0x763ad000 	C:\WINDOWS\system32\IMM32.DLL
0x629c0000 - 0x629c9000 	C:\WINDOWS\system32\LPK.DLL
0x74d90000 - 0x74dfb000 	C:\WINDOWS\system32\USP10.dll
0x78aa0000 - 0x78b5e000 	C:\Program Files\Java\jdk1.7.0_17\jre\bin\msvcr100.dll
0x6e8c0000 - 0x6ec0c000 	C:\Program Files\Java\jdk1.7.0_17\jre\bin\client\jvm.dll
0x71ad0000 - 0x71ad9000 	C:\WINDOWS\system32\WSOCK32.dll
0x71ab0000 - 0x71ac7000 	C:\WINDOWS\system32\WS2_32.dll
0x71aa0000 - 0x71aa8000 	C:\WINDOWS\system32\WS2HELP.dll
0x76b40000 - 0x76b6d000 	C:\WINDOWS\system32\WINMM.dll
0x76bf0000 - 0x76bfb000 	C:\WINDOWS\system32\PSAPI.DLL
0x6e810000 - 0x6e81c000 	C:\Program Files\Java\jdk1.7.0_17\jre\bin\verify.dll
0x6d590000 - 0x6d5b0000 	C:\Program Files\Java\jdk1.7.0_17\jre\bin\java.dll
0x6e8a0000 - 0x6e8b3000 	C:\Program Files\Java\jdk1.7.0_17\jre\bin\zip.dll
0x78050000 - 0x780b9000 	C:\WINDOWS\system32\msvcp100.dll
0x10000000 - 0x101ff000 	C:\opencv\build\x86\vc10\bin\opencv_core244.dll
0x03110000 - 0x03183000 	C:\Documents and Settings\pratchaya\Local Settings\Temp\javacpp17995948631180\jniopencv_core.dll
0x03190000 - 0x033ed000 	C:\opencv\build\x86\vc10\bin\opencv_imgproc244.dll
0x03400000 - 0x03437000 	C:\Documents and Settings\pratchaya\Local Settings\Temp\javacpp17995948631180\jniopencv_imgproc.dll
0x03440000 - 0x041d9000 	C:\opencv\build\x86\vc10\bin\opencv_ffmpeg244.dll
0x041e0000 - 0x043ea000 	C:\opencv\build\x86\vc10\bin\opencv_highgui244.dll
0x774e0000 - 0x7761e000 	C:\WINDOWS\system32\ole32.dll
0x77120000 - 0x771ab000 	C:\WINDOWS\system32\OLEAUT32.dll
0x73b50000 - 0x73b67000 	C:\WINDOWS\system32\AVIFIL32.dll
0x77be0000 - 0x77bf5000 	C:\WINDOWS\system32\MSACM32.dll
0x75a70000 - 0x75a91000 	C:\WINDOWS\system32\MSVFW32.dll
0x7c9c0000 - 0x7d1d7000 	C:\WINDOWS\system32\SHELL32.dll
0x73b80000 - 0x73b92000 	C:\WINDOWS\system32\AVICAP32.dll
0x77c00000 - 0x77c08000 	C:\WINDOWS\system32\VERSION.dll
0x04400000 - 0x0440f000 	C:\Documents and Settings\pratchaya\Local Settings\Temp\javacpp17995948631180\jniopencv_highgui.dll
0x5ad70000 - 0x5ada8000 	C:\WINDOWS\system32\uxtheme.dll
0x74720000 - 0x7476c000 	C:\WINDOWS\system32\MSCTF.dll
0x77b40000 - 0x77b62000 	C:\WINDOWS\system32\apphelp.dll
0x755c0000 - 0x755ee000 	C:\WINDOWS\system32\msctfime.ime
0x045c0000 - 0x045d9000 	C:\WINDOWS\system32\btmmhook.dll
0x04900000 - 0x04908000 	C:\Program Files\Internet Download Manager\idmmkb.dll
0x59a60000 - 0x59b01000 	C:\WINDOWS\system32\dbghelp.dll

VM Arguments:
jvm_args: -Dfile.encoding=UTF-8 
java_command: com.pratchaya.cv.imgproc.Core_proc
Launcher Type: SUN_STANDARD

Environment Variables:
JAVA_HOME=C:\Program Files\Java\jdk1.7.0_17
CLASSPATH=C:\Documents and Settings\pratchaya\.m2\repository\com\googlecode\javacpp\javacpp\0.5\javacpp-0.5.jar;C:\Documents and Settings\pratchaya\.m2\repository\com\googlecode\javacv\javacv\0.5\javacv-0.5.jar;C:\JavaCV\javacv-windows-x86.jar;C:\JavaCV\jna.jar;C:\Program Files\Java\jdk1.7.0_17\bin;C:\opencv\build\x86\vc11\bin;C:\javacv-cppjars\opencv-2.4.5-windows-x86.jar;C:\opencv\build\x86\vc10\lib;C:\opencv\b?uild\common\tbb\bin\ia32\vc10;C:\opencv\buil?d\x86\vc10\staticlib;
PATH=C:\WINDOWS\system32;C:\WINDOWS;C:\WINDOWS\System32\Wbem;C:\Program Files\Java\jdk1.7.0_17\bin;D:\maven\bin;C:\Program Files\Apache Software Foundation\Apache Tomcat 7.0.34/conf/tomcat-users.xml;D:\maven/conf/settings.xml;c:\Program Files\ATI Technologies\ATI.ACE\Core-Static;C:\Documents and Settings\pratchaya\.m2\repository\com\googlecode\javacpp\javacpp\0.5\javacpp-0.5.jar;C:\Documents and Settings\pratchaya\.m2\repository\com\googlecode\javacv\javacv\0.5\javacv-0.5.jar;C:\JavaCV\javacv-windows-x86.jar;C:\JavaCV\jna.jar;C:\Program Files\Java\jdk1.7.0_17\bin;C:\opencv\build\common\tbb\bin\ia32\vc10\;C:?\opencv\build\x86\vc10\bin\;C:\javacv-cppjars\
USERNAME=pratchaya
OS=Windows_NT
PROCESSOR_IDENTIFIER=x86 Family 6 Model 37 Stepping 5, GenuineIntel



---------------  S Y S T E M  ---------------

OS: Windows XP Build 2600 Service Pack 3

CPU:total 4 (2 cores per cpu, 2 threads per core) family 6 model 37 stepping 5, cmov, cx8, fxsr, mmx, sse, sse2, sse3, ssse3, sse4.1, sse4.2, popcnt, ht, tsc, tscinvbit

Memory: 4k page, physical 2021156k(499148k free), swap 3959296k(2413160k free)

vm_info: Java HotSpot(TM) Client VM (23.7-b01) for windows-x86 JRE (1.7.0_17-b02), built on Mar  1 2013 05:04:36 by "java_re" with unknown MS VC++:1600

time: Tue Jul 09 03:17:21 2013
elapsed time: 1 seconds

