#
# A fatal error has been detected by the Java Runtime Environment:
#
#  EXCEPTION_ACCESS_VIOLATION (0xc0000005) at pc=0x78ab0a85, pid=1540, tid=844
#
# JRE version: 7.0_17-b02
# Java VM: Java HotSpot(TM) Client VM (23.7-b01 mixed mode, sharing windows-x86 )
# Problematic frame:
# C  [msvcr100.dll+0x10a85]  wcspbrk+0x77
#
# Failed to write core dump. Minidumps are not enabled by default on client versions of Windows
#
# If you would like to submit a bug report, please visit:
#   http://bugreport.sun.com/bugreport/crash.jsp
# The crash happened outside the Java Virtual Machine in native code.
# See problematic frame for where to report the bug.
#

---------------  T H R E A D  ---------------

Current thread (0x003e8800):  JavaThread "main" [_thread_in_native, id=844, stack(0x00900000,0x00950000)]

siginfo: ExceptionCode=0xc0000005, writing address 0x00000000

Registers:
EAX=0x00000000, EBX=0x00000000, ECX=0x00000000, EDX=0x0000000f
ESP=0x0094fb54, EBP=0x0094fb60, ESI=0x060208a0, EDI=0x00000000
EIP=0x78ab0a85, EFLAGS=0x00010206

Top of Stack: (sp=0x0094fb54)
0x0094fb54:   00000000 060208a0 00000780 0094fb80
0x0094fb64:   041fe1e8 00000000 060208a0 00000780
0x0094fb74:   00000000 043d3860 00000000 0094fbac
0x0094fb84:   041ff721 05f40020 00000000 00000280
0x0094fb94:   000001e0 fffff880 000001e0 03024cb0
0x0094fba4:   03024ccc 00000001 0094fbd8 04200490
0x0094fbb4:   00000000 00000000 00000000 00000001
0x0094fbc4:   00000000 003e8928 32b2ee20 041e1095 

Instructions: (pc=0x78ab0a85)
0x78ab0a65:   00 00 00 8b d1 83 e1 7f c1 ea 07 74 5d 66 0f 6f
0x78ab0a75:   06 66 0f 6f 4e 10 66 0f 6f 56 20 66 0f 6f 5e 30
0x78ab0a85:   66 0f 7f 07 66 0f 7f 4f 10 66 0f 7f 57 20 66 0f
0x78ab0a95:   7f 5f 30 66 0f 6f 66 40 66 0f 6f 6e 50 66 0f 6f 


Register to memory mapping:

EAX=0x00000000 is an unknown value
EBX=0x00000000 is an unknown value
ECX=0x00000000 is an unknown value
EDX=0x0000000f is an unknown value
ESP=0x0094fb54 is pointing into the stack for thread: 0x003e8800
EBP=0x0094fb60 is pointing into the stack for thread: 0x003e8800
ESI=0x060208a0 is an unknown value
EDI=0x00000000 is an unknown value


Stack: [0x00900000,0x00950000],  sp=0x0094fb54,  free space=318k
Native frames: (J=compiled Java code, j=interpreted, Vv=VM code, C=native code)
C  [msvcr100.dll+0x10a85]  wcspbrk+0x77
C  [opencv_highgui244.dll+0x1e1e8]  cvShowImage+0x2518
C  [opencv_highgui244.dll+0x1f721]  cvShowImage+0x3a51
C  [opencv_highgui244.dll+0x20490]  cvShowImage+0x47c0
C  [jniopencv_highgui.dll+0x58ad]  Java_com_googlecode_javacv_cpp_opencv_1highgui_cvRetrieveFrame+0x5d
j  com.googlecode.javacv.cpp.opencv_highgui.cvRetrieveFrame(Lcom/googlecode/javacv/cpp/opencv_highgui$CvCapture;I)Lcom/googlecode/javacv/cpp/opencv_core$IplImage;+0
j  com.googlecode.javacv.cpp.opencv_highgui.cvRetrieveFrame(Lcom/googlecode/javacv/cpp/opencv_highgui$CvCapture;)Lcom/googlecode/javacv/cpp/opencv_core$IplImage;+2
j  com.googlecode.javacv.OpenCVFrameGrabber.grab()Lcom/googlecode/javacv/cpp/opencv_core$IplImage;+4
j  javaimage2d.Webcam.cameraOn()V+45
j  javaimage2d.JavaImage2D.main([Ljava/lang/String;)V+17
v  ~StubRoutines::call_stub
V  [jvm.dll+0x12a34a]
V  [jvm.dll+0x1d968e]
V  [jvm.dll+0x12a3cd]
V  [jvm.dll+0xaede4]
V  [jvm.dll+0xb9157]
C  [java.exe+0x205f]
C  [java.exe+0xa591]
C  [java.exe+0xa61b]
C  [kernel32.dll+0xb729]  GetModuleFileNameA+0x1ba

Java frames: (J=compiled Java code, j=interpreted, Vv=VM code)
j  com.googlecode.javacv.cpp.opencv_highgui.cvRetrieveFrame(Lcom/googlecode/javacv/cpp/opencv_highgui$CvCapture;I)Lcom/googlecode/javacv/cpp/opencv_core$IplImage;+0
j  com.googlecode.javacv.cpp.opencv_highgui.cvRetrieveFrame(Lcom/googlecode/javacv/cpp/opencv_highgui$CvCapture;)Lcom/googlecode/javacv/cpp/opencv_core$IplImage;+2
j  com.googlecode.javacv.OpenCVFrameGrabber.grab()Lcom/googlecode/javacv/cpp/opencv_core$IplImage;+4
j  javaimage2d.Webcam.cameraOn()V+45
j  javaimage2d.JavaImage2D.main([Ljava/lang/String;)V+17
v  ~StubRoutines::call_stub

---------------  P R O C E S S  ---------------

Java Threads: ( => current thread )
  0x03018c00 JavaThread "D3D Screen Updater" daemon [_thread_blocked, id=4088, stack(0x05b50000,0x05ba0000)]
  0x02ff9800 JavaThread "AWT-EventQueue-0" [_thread_blocked, id=2736, stack(0x04b50000,0x04ba0000)]
  0x02fde400 JavaThread "AWT-Windows" daemon [_thread_in_native, id=1824, stack(0x049f0000,0x04a40000)]
  0x02fdcc00 JavaThread "AWT-Shutdown" [_thread_blocked, id=2160, stack(0x049a0000,0x049f0000)]
  0x02fdbc00 JavaThread "Java2D Disposer" daemon [_thread_blocked, id=2968, stack(0x04950000,0x049a0000)]
  0x02ab9000 JavaThread "Service Thread" daemon [_thread_blocked, id=2872, stack(0x02e60000,0x02eb0000)]
  0x02ab3400 JavaThread "C1 CompilerThread0" daemon [_thread_blocked, id=2896, stack(0x02e10000,0x02e60000)]
  0x02ab1800 JavaThread "Attach Listener" daemon [_thread_blocked, id=1256, stack(0x02dc0000,0x02e10000)]
  0x02ab0400 JavaThread "Signal Dispatcher" daemon [_thread_blocked, id=2216, stack(0x02d70000,0x02dc0000)]
  0x02a94400 JavaThread "Finalizer" daemon [_thread_blocked, id=1916, stack(0x02d00000,0x02d50000)]
  0x02a8f800 JavaThread "Reference Handler" daemon [_thread_blocked, id=1192, stack(0x02cb0000,0x02d00000)]
=>0x003e8800 JavaThread "main" [_thread_in_native, id=844, stack(0x00900000,0x00950000)]

Other Threads:
  0x02a8dc00 VMThread [stack: 0x02c60000,0x02cb0000] [id=3304]
  0x02acc000 WatcherThread [stack: 0x02eb0000,0x02f00000] [id=2352]

VM state:not at safepoint (normal execution)

VM Mutex/Monitor currently owned by a thread: None

Heap
 def new generation   total 4928K, used 3951K [0x22b00000, 0x23050000, 0x28050000)
  eden space 4416K,  77% used [0x22b00000, 0x22e5bc50, 0x22f50000)
  from space 512K, 100% used [0x22fd0000, 0x23050000, 0x23050000)
  to   space 512K,   0% used [0x22f50000, 0x22f50000, 0x22fd0000)
 tenured generation   total 10944K, used 429K [0x28050000, 0x28b00000, 0x32b00000)
   the space 10944K,   3% used [0x28050000, 0x280bb5b8, 0x280bb600, 0x28b00000)
 compacting perm gen  total 12288K, used 1855K [0x32b00000, 0x33700000, 0x36b00000)
   the space 12288K,  15% used [0x32b00000, 0x32ccff18, 0x32cd0000, 0x33700000)
    ro space 10240K,  45% used [0x36b00000, 0x36f873d8, 0x36f87400, 0x37500000)
    rw space 12288K,  54% used [0x37500000, 0x37b8acc8, 0x37b8ae00, 0x38100000)

Card table byte_map: [0x02b00000,0x02bb0000] byte_map_base: 0x029ea800

Polling page: 0x00950000

Code Cache  [0x00980000, 0x00a58000, 0x02980000)
 total_blobs=382 nmethods=143 adapters=174 free_code_cache=31920Kb largest_free_block=32686528

Compilation events (10 events):
Event: 1.574 Thread 0x02ab3400  138             java.util.concurrent.locks.AbstractQueuedSynchronizer::release (33 bytes)
Event: 1.574 Thread 0x02ab3400 nmethod 138 0x00a517c8 code [0x00a518e0, 0x00a519d8]
Event: 1.574 Thread 0x02ab3400  139             java.util.concurrent.locks.ReentrantLock$Sync::tryRelease (45 bytes)
Event: 1.575 Thread 0x02ab3400 nmethod 139 0x00a51a88 code [0x00a51b90, 0x00a51ccc]
Event: 1.575 Thread 0x02ab3400  140             java.util.concurrent.locks.ReentrantLock::unlock (10 bytes)
Event: 1.575 Thread 0x02ab3400 nmethod 140 0x00a51d48 code [0x00a51e60, 0x00a51f58]
Event: 1.583 Thread 0x02ab3400  141             com.googlecode.javacv.cpp.opencv_core$IplImage::flipCopyWithGamma (608 bytes)
Event: 1.588 Thread 0x02ab3400 nmethod 141 0x00a52048 code [0x00a52420, 0x00a52de4]
Event: 1.598 Thread 0x02ab3400  142             java.nio.Buffer::position (43 bytes)
Event: 1.598 Thread 0x02ab3400 nmethod 142 0x00a53bc8 code [0x00a53cd0, 0x00a53ddc]

GC Heap History (2 events):
Event: 0.445 GC heap before
{Heap before GC invocations=0 (full 0):
 def new generation   total 4928K, used 4416K [0x22b00000, 0x23050000, 0x28050000)
  eden space 4416K, 100% used [0x22b00000, 0x22f50000, 0x22f50000)
  from space 512K,   0% used [0x22f50000, 0x22f50000, 0x22fd0000)
  to   space 512K,   0% used [0x22fd0000, 0x22fd0000, 0x23050000)
 tenured generation   total 10944K, used 0K [0x28050000, 0x28b00000, 0x32b00000)
   the space 10944K,   0% used [0x28050000, 0x28050000, 0x28050200, 0x28b00000)
 compacting perm gen  total 12288K, used 1013K [0x32b00000, 0x33700000, 0x36b00000)
   the space 12288K,   8% used [0x32b00000, 0x32bfd458, 0x32bfd600, 0x33700000)
    ro space 10240K,  45% used [0x36b00000, 0x36f873d8, 0x36f87400, 0x37500000)
    rw space 12288K,  54% used [0x37500000, 0x37b8acc8, 0x37b8ae00, 0x38100000)
Event: 0.451 GC heap after
Heap after GC invocations=1 (full 0):
 def new generation   total 4928K, used 512K [0x22b00000, 0x23050000, 0x28050000)
  eden space 4416K,   0% used [0x22b00000, 0x22b00000, 0x22f50000)
  from space 512K, 100% used [0x22fd0000, 0x23050000, 0x23050000)
  to   space 512K,   0% used [0x22f50000, 0x22f50000, 0x22fd0000)
 tenured generation   total 10944K, used 429K [0x28050000, 0x28b00000, 0x32b00000)
   the space 10944K,   3% used [0x28050000, 0x280bb5b8, 0x280bb600, 0x28b00000)
 compacting perm gen  total 12288K, used 1013K [0x32b00000, 0x33700000, 0x36b00000)
   the space 12288K,   8% used [0x32b00000, 0x32bfd458, 0x32bfd600, 0x33700000)
    ro space 10240K,  45% used [0x36b00000, 0x36f873d8, 0x36f87400, 0x37500000)
    rw space 12288K,  54% used [0x37500000, 0x37b8acc8, 0x37b8ae00, 0x38100000)
}

Deoptimization events (0 events):
No events

Internal exceptions (10 events):
Event: 0.623 Thread 0x003e8800 Threw 0x22c0b9a0 at C:\jdk7u2_32P\jdk7u17\hotspot\src\share\vm\prims\jvm.cpp:1166
Event: 0.624 Thread 0x003e8800 Threw 0x22c0ddc0 at C:\jdk7u2_32P\jdk7u17\hotspot\src\share\vm\prims\jvm.cpp:1166
Event: 0.711 Thread 0x003e8800 Threw 0x22c145b8 at C:\jdk7u2_32P\jdk7u17\hotspot\src\share\vm\prims\jvm.cpp:1166
Event: 0.740 Thread 0x003e8800 Threw 0x22d1c088 at C:\jdk7u2_32P\jdk7u17\hotspot\src\share\vm\prims\jvm.cpp:1166
Event: 0.740 Thread 0x003e8800 Threw 0x22d1e8e0 at C:\jdk7u2_32P\jdk7u17\hotspot\src\share\vm\prims\jvm.cpp:1166
Event: 0.741 Thread 0x003e8800 Threw 0x22d27220 at C:\jdk7u2_32P\jdk7u17\hotspot\src\share\vm\prims\jvm.cpp:1166
Event: 0.742 Thread 0x003e8800 Threw 0x22d2f070 at C:\jdk7u2_32P\jdk7u17\hotspot\src\share\vm\prims\jvm.cpp:1166
Event: 0.762 Thread 0x003e8800 Threw 0x22d359b0 at C:\jdk7u2_32P\jdk7u17\hotspot\src\share\vm\prims\jvm.cpp:1166
Event: 1.253 Thread 0x003e8800 Threw 0x22d39db0 at C:\jdk7u2_32P\jdk7u17\hotspot\src\share\vm\prims\jvm.cpp:1166
Event: 1.254 Thread 0x003e8800 Threw 0x22d3c758 at C:\jdk7u2_32P\jdk7u17\hotspot\src\share\vm\prims\jvm.cpp:1166

Events (10 events):
Event: 0.765 loading class 0x030243e0
Event: 0.765 loading class 0x030243e0 done
Event: 0.765 loading class 0x0301fbf0
Event: 0.765 loading class 0x030254a8
Event: 0.765 loading class 0x030254a8 done
Event: 0.765 loading class 0x0301fbf0 done
Event: 1.253 loading class 0x02f3d608
Event: 1.253 loading class 0x02f3d608 done
Event: 1.254 loading class 0x02f3d5b8
Event: 1.254 loading class 0x02f3d5b8 done


Dynamic libraries:
0x00400000 - 0x0042f000 	C:\Program Files\Java\jdk1.7.0_17\bin\java.exe
0x7c900000 - 0x7c9b2000 	C:\WINDOWS\system32\ntdll.dll
0x7c800000 - 0x7c8f6000 	C:\WINDOWS\system32\kernel32.dll
0x77dd0000 - 0x77e6b000 	C:\WINDOWS\system32\ADVAPI32.dll
0x77e70000 - 0x77f03000 	C:\WINDOWS\system32\RPCRT4.dll
0x77fe0000 - 0x77ff1000 	C:\WINDOWS\system32\Secur32.dll
0x7e410000 - 0x7e4a1000 	C:\WINDOWS\system32\USER32.dll
0x77f10000 - 0x77f59000 	C:\WINDOWS\system32\GDI32.dll
0x773d0000 - 0x774d3000 	C:\WINDOWS\WinSxS\x86_Microsoft.Windows.Common-Controls_6595b64144ccf1df_6.0.2600.6028_x-ww_61e65202\COMCTL32.dll
0x77c10000 - 0x77c68000 	C:\WINDOWS\system32\msvcrt.dll
0x77f60000 - 0x77fd6000 	C:\WINDOWS\system32\SHLWAPI.dll
0x76390000 - 0x763ad000 	C:\WINDOWS\system32\IMM32.DLL
0x629c0000 - 0x629c9000 	C:\WINDOWS\system32\LPK.DLL
0x74d90000 - 0x74dfb000 	C:\WINDOWS\system32\USP10.dll
0x78aa0000 - 0x78b5e000 	C:\Program Files\Java\jdk1.7.0_17\jre\bin\msvcr100.dll
0x6e8c0000 - 0x6ec0c000 	C:\Program Files\Java\jdk1.7.0_17\jre\bin\client\jvm.dll
0x71ad0000 - 0x71ad9000 	C:\WINDOWS\system32\WSOCK32.dll
0x71ab0000 - 0x71ac7000 	C:\WINDOWS\system32\WS2_32.dll
0x71aa0000 - 0x71aa8000 	C:\WINDOWS\system32\WS2HELP.dll
0x76b40000 - 0x76b6d000 	C:\WINDOWS\system32\WINMM.dll
0x76bf0000 - 0x76bfb000 	C:\WINDOWS\system32\PSAPI.DLL
0x6e810000 - 0x6e81c000 	C:\Program Files\Java\jdk1.7.0_17\jre\bin\verify.dll
0x6d590000 - 0x6d5b0000 	C:\Program Files\Java\jdk1.7.0_17\jre\bin\java.dll
0x6e8a0000 - 0x6e8b3000 	C:\Program Files\Java\jdk1.7.0_17\jre\bin\zip.dll
0x78050000 - 0x780b9000 	C:\WINDOWS\system32\msvcp100.dll
0x10000000 - 0x101ff000 	C:\opencv\build\x86\vc10\bin\opencv_core244.dll
0x03110000 - 0x03183000 	C:\Documents and Settings\pratchaya\Local Settings\Temp\javacpp7703671309901\jniopencv_core.dll
0x03190000 - 0x033ed000 	C:\opencv\build\x86\vc10\bin\opencv_imgproc244.dll
0x03400000 - 0x03437000 	C:\Documents and Settings\pratchaya\Local Settings\Temp\javacpp7703671309901\jniopencv_imgproc.dll
0x03440000 - 0x041d9000 	C:\opencv\build\x86\vc10\bin\opencv_ffmpeg244.dll
0x041e0000 - 0x043ea000 	C:\opencv\build\x86\vc10\bin\opencv_highgui244.dll
0x774e0000 - 0x7761e000 	C:\WINDOWS\system32\ole32.dll
0x77120000 - 0x771ab000 	C:\WINDOWS\system32\OLEAUT32.dll
0x73b50000 - 0x73b67000 	C:\WINDOWS\system32\AVIFIL32.dll
0x77be0000 - 0x77bf5000 	C:\WINDOWS\system32\MSACM32.dll
0x75a70000 - 0x75a91000 	C:\WINDOWS\system32\MSVFW32.dll
0x7c9c0000 - 0x7d1d7000 	C:\WINDOWS\system32\SHELL32.dll
0x73b80000 - 0x73b92000 	C:\WINDOWS\system32\AVICAP32.dll
0x77c00000 - 0x77c08000 	C:\WINDOWS\system32\VERSION.dll
0x04400000 - 0x0440f000 	C:\Documents and Settings\pratchaya\Local Settings\Temp\javacpp7703671309901\jniopencv_highgui.dll
0x6d110000 - 0x6d252000 	C:\Program Files\Java\jdk1.7.0_17\jre\bin\awt.dll
0x5ad70000 - 0x5ada8000 	C:\WINDOWS\system32\uxtheme.dll
0x74720000 - 0x7476c000 	C:\WINDOWS\system32\MSCTF.dll
0x77b40000 - 0x77b62000 	C:\WINDOWS\system32\apphelp.dll
0x755c0000 - 0x755ee000 	C:\WINDOWS\system32\msctfime.ime
0x4fdd0000 - 0x4ff76000 	C:\WINDOWS\system32\d3d9.dll
0x6d990000 - 0x6d996000 	C:\WINDOWS\system32\d3d8thk.dll
0x6d380000 - 0x6d3aa000 	C:\Program Files\Java\jdk1.7.0_17\jre\bin\fontmanager.dll
0x04ba0000 - 0x04bb9000 	C:\WINDOWS\system32\btmmhook.dll
0x76fd0000 - 0x7704f000 	C:\WINDOWS\system32\CLBCATQ.DLL
0x77050000 - 0x77115000 	C:\WINDOWS\system32\COMRes.dll
0x75f40000 - 0x75f51000 	C:\WINDOWS\system32\devenum.dll
0x77920000 - 0x77a13000 	C:\WINDOWS\system32\setupapi.dll
0x76c30000 - 0x76c5e000 	C:\WINDOWS\system32\WINTRUST.dll
0x77a80000 - 0x77b15000 	C:\WINDOWS\system32\CRYPT32.dll
0x77b20000 - 0x77b32000 	C:\WINDOWS\system32\MSASN1.dll
0x76c90000 - 0x76cb8000 	C:\WINDOWS\system32\IMAGEHLP.dll
0x736b0000 - 0x736b7000 	C:\WINDOWS\system32\msdmo.dll
0x757f0000 - 0x75822000 	C:\WINDOWS\system32\qcap.dll
0x74810000 - 0x7497e000 	C:\WINDOWS\system32\quartz.dll
0x5e030000 - 0x5e053000 	C:\WINDOWS\system32\ksproxy.ax
0x73ee0000 - 0x73ee4000 	C:\WINDOWS\system32\ksuser.dll
0x754c0000 - 0x754ca000 	C:\WINDOWS\system32\vidcap.ax
0x76b20000 - 0x76b31000 	C:\WINDOWS\system32\ATL.DLL
0x58010000 - 0x58029000 	C:\WINDOWS\system32\kswdmcap.ax
0x73dd0000 - 0x73ec2000 	C:\WINDOWS\system32\MFC42.DLL
0x60ca0000 - 0x60d2c000 	C:\WINDOWS\system32\qedit.dll
0x763b0000 - 0x763f9000 	C:\WINDOWS\system32\comdlg32.dll
0x73760000 - 0x737ab000 	C:\WINDOWS\system32\DDRAW.dll
0x73bc0000 - 0x73bc6000 	C:\WINDOWS\system32\DCIMAN32.dll
0x73940000 - 0x73a10000 	C:\WINDOWS\system32\D3DIM700.DLL
0x73680000 - 0x73688000 	C:\WINDOWS\system32\msyuv.dll
0x59a60000 - 0x59b01000 	C:\WINDOWS\system32\dbghelp.dll

VM Arguments:
jvm_args: -Dfile.encoding=UTF-8 
java_command: javaimage2d.JavaImage2D
Launcher Type: SUN_STANDARD

Environment Variables:
CLASSPATH=C:\opencv\build\x86\vc10\lib;C:\opencv\b?uild\common\tbb\ia32\vc10;C:\opencv\buil?d\x86\vc10\staticlib;LASSPATH
PATH=C:\WINDOWS\system32;C:\WINDOWS;C:\WINDOWS\System32\Wbem;c:\Program Files\ATI Technologies\ATI.ACE\Core-Static;C:\Program Files\Java\jdk1.6.0_38\bin;C:\gnuplot\bin;C:\MinGW\bin;C:\msys\1.0\bin;C:\Python26;C:\Program Files\Java\jdk1.6.0_38\bin;C:\gnuplot\bin;C:\opencv\build\common\tbb\ia32\vc10\;C:?\opencv\build\x86\vc10\bin\;
USERNAME=pratchaya
OS=Windows_NT
PROCESSOR_IDENTIFIER=x86 Family 6 Model 37 Stepping 5, GenuineIntel



---------------  S Y S T E M  ---------------

OS: Windows XP Build 2600 Service Pack 3

CPU:total 4 (2 cores per cpu, 2 threads per core) family 6 model 37 stepping 5, cmov, cx8, fxsr, mmx, sse, sse2, sse3, ssse3, sse4.1, sse4.2, popcnt, ht, tsc, tscinvbit

Memory: 4k page, physical 2021156k(244324k free), swap 3959296k(1965040k free)

vm_info: Java HotSpot(TM) Client VM (23.7-b01) for windows-x86 JRE (1.7.0_17-b02), built on Mar  1 2013 05:04:36 by "java_re" with unknown MS VC++:1600

time: Tue Mar 19 00:13:53 2013
elapsed time: 1 seconds

