#
# A fatal error has been detected by the Java Runtime Environment:
#
#  EXCEPTION_UNCAUGHT_CXX_EXCEPTION (0xe06d7363) at pc=0x7c812fd3, pid=2656, tid=5584
#
# JRE version: 7.0_17-b02
# Java VM: Java HotSpot(TM) Client VM (23.7-b01 mixed mode, sharing windows-x86 )
# Problematic frame:
# C  [kernel32.dll+0x12fd3]  RaiseException+0x52
#
# Failed to write core dump. Minidumps are not enabled by default on client versions of Windows
#
# If you would like to submit a bug report, please visit:
#   http://bugreport.sun.com/bugreport/crash.jsp
# The crash happened outside the Java Virtual Machine in native code.
# See problematic frame for where to report the bug.
#

---------------  T H R E A D  ---------------

Current thread (0x003e9000):  JavaThread "main" [_thread_in_native, id=5584, stack(0x00900000,0x00950000)]

siginfo: ExceptionCode=0xe06d7363, ExceptionInformation=0x19930520 0x0093fa3c 0x101d157c 

Registers:
EAX=0x0093f998, EBX=0x00000bbe, ECX=0x00000000, EDX=0x0093fa3c
ESP=0x0093f994, EBP=0x0093f9e8, ESI=0x0093fa20, EDI=0x78ab1ec6
EIP=0x7c812fd3, EFLAGS=0x00000206

Top of Stack: (sp=0x0093f994)
0x0093f994:   0094fae8 e06d7363 00000001 00000000
0x0093f9a4:   7c812fd3 00000003 19930520 0093fa3c
0x0093f9b4:   101d157c 00000000 02fe5cf8 0093faa0
0x0093f9c4:   0093f9ac 0093faa0 0000002e 0093f9f0
0x0093f9d4:   100040fe 02fe5cf8 02feb480 0000002e
0x0093f9e4:   0094fae8 0093fa20 78ac7819 e06d7363
0x0093f9f4:   00000001 00000003 0093fa14 e06d7363
0x0093fa04:   00000001 00000000 00000000 00000003 

Instructions: (pc=0x7c812fd3)
0x7c812fb3:   f9 0f 0f 87 05 1a 03 00 85 c9 89 4d c0 74 07 57
0x7c812fc3:   8d 7d c4 f3 a5 5f 8d 45 b0 50 ff 15 10 15 80 7c
0x7c812fd3:   5e c9 c2 10 00 85 ff 0f 8e 5e 8e ff ff 8b 55 fc
0x7c812fe3:   89 55 0c 0f b7 16 8b 7d f8 8a 14 3a 88 11 8b 78 


Register to memory mapping:

EAX=0x0093f998 is pointing into the stack for thread: 0x003e9000
EBX=0x00000bbe is an unknown value
ECX=0x00000000 is an unknown value
EDX=0x0093fa3c is pointing into the stack for thread: 0x003e9000
ESP=0x0093f994 is pointing into the stack for thread: 0x003e9000
EBP=0x0093f9e8 is pointing into the stack for thread: 0x003e9000
ESI=0x0093fa20 is pointing into the stack for thread: 0x003e9000
EDI=0x78ab1ec6 is an unknown value


Stack: [0x00900000,0x00950000],  sp=0x0093f994,  free space=254k
Native frames: (J=compiled Java code, j=interpreted, Vv=VM code, C=native code)
C  [kernel32.dll+0x12fd3]  RaiseException+0x52
C  [msvcr100.dll+0x27819]  CxxThrowException+0x45

Java frames: (J=compiled Java code, j=interpreted, Vv=VM code)
j  com.googlecode.javacv.cpp.opencv_core.cvSetImageROI(Lcom/googlecode/javacv/cpp/opencv_core$IplImage;Lcom/googlecode/javacv/cpp/opencv_core$CvRect;)V+0
j  com.pratchaya.cv.imgproc.Classification.classifier()V+289
j  com.pratchaya.cv.imgproc.Core_proc.<init>()V+48
j  com.pratchaya.cv.imgproc.Core_proc.main([Ljava/lang/String;)V+12
v  ~StubRoutines::call_stub

---------------  P R O C E S S  ---------------

Java Threads: ( => current thread )
  0x02aba400 JavaThread "Service Thread" daemon [_thread_blocked, id=780, stack(0x02e60000,0x02eb0000)]
  0x02ab4800 JavaThread "C1 CompilerThread0" daemon [_thread_blocked, id=5508, stack(0x02e10000,0x02e60000)]
  0x02ab2800 JavaThread "Attach Listener" daemon [_thread_blocked, id=4608, stack(0x02dc0000,0x02e10000)]
  0x02ab1400 JavaThread "Signal Dispatcher" daemon [_thread_blocked, id=2764, stack(0x02d70000,0x02dc0000)]
  0x02a94c00 JavaThread "Finalizer" daemon [_thread_blocked, id=4376, stack(0x02d00000,0x02d50000)]
  0x02a90000 JavaThread "Reference Handler" daemon [_thread_blocked, id=2728, stack(0x02cb0000,0x02d00000)]
=>0x003e9000 JavaThread "main" [_thread_in_native, id=5584, stack(0x00900000,0x00950000)]

Other Threads:
  0x02a8e400 VMThread [stack: 0x02c60000,0x02cb0000] [id=1548]
  0x02ac5000 WatcherThread [stack: 0x02eb0000,0x02f00000] [id=3948]

VM state:not at safepoint (normal execution)

VM Mutex/Monitor currently owned by a thread: None

Heap
 def new generation   total 4928K, used 1185K [0x22b00000, 0x23050000, 0x28050000)
  eden space 4416K,  15% used [0x22b00000, 0x22ba85f0, 0x22f50000)
  from space 512K, 100% used [0x22fd0000, 0x23050000, 0x23050000)
  to   space 512K,   0% used [0x22f50000, 0x22f50000, 0x22fd0000)
 tenured generation   total 10944K, used 433K [0x28050000, 0x28b00000, 0x32b00000)
   the space 10944K,   3% used [0x28050000, 0x280bc540, 0x280bc600, 0x28b00000)
 compacting perm gen  total 12288K, used 1085K [0x32b00000, 0x33700000, 0x36b00000)
   the space 12288K,   8% used [0x32b00000, 0x32c0f528, 0x32c0f600, 0x33700000)
    ro space 10240K,  45% used [0x36b00000, 0x36f873d8, 0x36f87400, 0x37500000)
    rw space 12288K,  54% used [0x37500000, 0x37b8acc8, 0x37b8ae00, 0x38100000)

Card table byte_map: [0x02b00000,0x02bb0000] byte_map_base: 0x029ea800

Polling page: 0x00950000

Code Cache  [0x00980000, 0x00a38000, 0x02980000)
 total_blobs=256 nmethods=82 adapters=109 free_code_cache=32035Kb largest_free_block=32804736

Compilation events (10 events):
Event: 0.405 Thread 0x02ab4800   78             java.lang.StringBuilder::<init> (7 bytes)
Event: 0.406 Thread 0x02ab4800 nmethod 78 0x00a35dc8 code [0x00a35ec0, 0x00a35fd0]
Event: 0.406 Thread 0x02ab4800   79             java.lang.AbstractStringBuilder::expandCapacity (50 bytes)
Event: 0.406 Thread 0x02ab4800 nmethod 79 0x00a36048 code [0x00a36160, 0x00a36398]
Event: 0.429 Thread 0x02ab4800   80             java.lang.String::indexOf (7 bytes)
Event: 0.430 Thread 0x02ab4800 nmethod 80 0x00a369c8 code [0x00a36ac0, 0x00a36b5c]
Event: 0.430 Thread 0x02ab4800   81             java.net.URL::getProtocol (5 bytes)
Event: 0.430 Thread 0x02ab4800 nmethod 81 0x00a36bc8 code [0x00a36cc0, 0x00a36d40]
Event: 0.432 Thread 0x02ab4800   82             java.net.URL::getHost (5 bytes)
Event: 0.432 Thread 0x02ab4800 nmethod 82 0x00a36d88 code [0x00a36e80, 0x00a36f00]

GC Heap History (2 events):
Event: 0.388 GC heap before
{Heap before GC invocations=0 (full 0):
 def new generation   total 4928K, used 4416K [0x22b00000, 0x23050000, 0x28050000)
  eden space 4416K, 100% used [0x22b00000, 0x22f50000, 0x22f50000)
  from space 512K,   0% used [0x22f50000, 0x22f50000, 0x22fd0000)
  to   space 512K,   0% used [0x22fd0000, 0x22fd0000, 0x23050000)
 tenured generation   total 10944K, used 0K [0x28050000, 0x28b00000, 0x32b00000)
   the space 10944K,   0% used [0x28050000, 0x28050000, 0x28050200, 0x28b00000)
 compacting perm gen  total 12288K, used 1013K [0x32b00000, 0x33700000, 0x36b00000)
   the space 12288K,   8% used [0x32b00000, 0x32bfd4d8, 0x32bfd600, 0x33700000)
    ro space 10240K,  45% used [0x36b00000, 0x36f873d8, 0x36f87400, 0x37500000)
    rw space 12288K,  54% used [0x37500000, 0x37b8acc8, 0x37b8ae00, 0x38100000)
Event: 0.392 GC heap after
Heap after GC invocations=1 (full 0):
 def new generation   total 4928K, used 512K [0x22b00000, 0x23050000, 0x28050000)
  eden space 4416K,   0% used [0x22b00000, 0x22b00000, 0x22f50000)
  from space 512K, 100% used [0x22fd0000, 0x23050000, 0x23050000)
  to   space 512K,   0% used [0x22f50000, 0x22f50000, 0x22fd0000)
 tenured generation   total 10944K, used 433K [0x28050000, 0x28b00000, 0x32b00000)
   the space 10944K,   3% used [0x28050000, 0x280bc540, 0x280bc600, 0x28b00000)
 compacting perm gen  total 12288K, used 1013K [0x32b00000, 0x33700000, 0x36b00000)
   the space 12288K,   8% used [0x32b00000, 0x32bfd4d8, 0x32bfd600, 0x33700000)
    ro space 10240K,  45% used [0x36b00000, 0x36f873d8, 0x36f87400, 0x37500000)
    rw space 12288K,  54% used [0x37500000, 0x37b8acc8, 0x37b8ae00, 0x38100000)
}

Deoptimization events (0 events):
No events

Internal exceptions (10 events):
Event: 0.394 Thread 0x003e9000 Threw 0x22b0dfe8 at C:\jdk7u2_32P\jdk7u17\hotspot\src\share\vm\prims\jvm.cpp:1166
Event: 0.395 Thread 0x003e9000 Threw 0x22b12ec0 at C:\jdk7u2_32P\jdk7u17\hotspot\src\share\vm\prims\jvm.cpp:1166
Event: 0.396 Thread 0x003e9000 Threw 0x22b2d030 at C:\jdk7u2_32P\jdk7u17\hotspot\src\share\vm\prims\jvm.cpp:1166
Event: 0.426 Thread 0x003e9000 Threw 0x22b704f0 at C:\jdk7u2_32P\jdk7u17\hotspot\src\share\vm\prims\jvm.cpp:1166
Event: 0.428 Thread 0x003e9000 Threw 0x22b79c68 at C:\jdk7u2_32P\jdk7u17\hotspot\src\share\vm\prims\jvm.cpp:1166
Event: 0.429 Thread 0x003e9000 Threw 0x22b7ea88 at C:\jdk7u2_32P\jdk7u17\hotspot\src\share\vm\prims\jvm.cpp:1166
Event: 0.430 Thread 0x003e9000 Threw 0x22b81a80 at C:\jdk7u2_32P\jdk7u17\hotspot\src\share\vm\prims\jvm.cpp:1166
Event: 0.431 Thread 0x003e9000 Threw 0x22b84898 at C:\jdk7u2_32P\jdk7u17\hotspot\src\share\vm\prims\jvm.cpp:1166
Event: 0.432 Thread 0x003e9000 Threw 0x22b8a960 at C:\jdk7u2_32P\jdk7u17\hotspot\src\share\vm\prims\jvm.cpp:1166
Event: 0.434 Thread 0x003e9000 Threw 0x22b983e0 at C:\jdk7u2_32P\jdk7u17\hotspot\src\share\vm\prims\jvm.cpp:1166

Events (10 events):
Event: 0.429 loading class 0x02fecd28
Event: 0.429 loading class 0x02fecd28 done
Event: 0.430 loading class 0x02feb588
Event: 0.430 loading class 0x02feb588 done
Event: 0.431 loading class 0x02fd1f00
Event: 0.431 loading class 0x02fd1f00 done
Event: 0.432 loading class 0x02fbca30
Event: 0.432 loading class 0x02fbca30 done
Event: 0.434 loading class 0x02f49838
Event: 0.434 loading class 0x02f49838 done


Dynamic libraries:
0x00400000 - 0x0042f000 	C:\Program Files\Java\jdk1.7.0_17\bin\java.exe
0x7c900000 - 0x7c9b2000 	C:\WINDOWS\system32\ntdll.dll
0x7c800000 - 0x7c8f6000 	C:\WINDOWS\system32\kernel32.dll
0x77dd0000 - 0x77e6b000 	C:\WINDOWS\system32\ADVAPI32.dll
0x77e70000 - 0x77f03000 	C:\WINDOWS\system32\RPCRT4.dll
0x77fe0000 - 0x77ff1000 	C:\WINDOWS\system32\Secur32.dll
0x7e410000 - 0x7e4a1000 	C:\WINDOWS\system32\USER32.dll
0x77f10000 - 0x77f59000 	C:\WINDOWS\system32\GDI32.dll
0x773d0000 - 0x774d3000 	C:\WINDOWS\WinSxS\x86_Microsoft.Windows.Common-Controls_6595b64144ccf1df_6.0.2600.6028_x-ww_61e65202\COMCTL32.dll
0x77c10000 - 0x77c68000 	C:\WINDOWS\system32\msvcrt.dll
0x77f60000 - 0x77fd6000 	C:\WINDOWS\system32\SHLWAPI.dll
0x76390000 - 0x763ad000 	C:\WINDOWS\system32\IMM32.DLL
0x629c0000 - 0x629c9000 	C:\WINDOWS\system32\LPK.DLL
0x74d90000 - 0x74dfb000 	C:\WINDOWS\system32\USP10.dll
0x78aa0000 - 0x78b5e000 	C:\Program Files\Java\jdk1.7.0_17\jre\bin\msvcr100.dll
0x6e8c0000 - 0x6ec0c000 	C:\Program Files\Java\jdk1.7.0_17\jre\bin\client\jvm.dll
0x71ad0000 - 0x71ad9000 	C:\WINDOWS\system32\WSOCK32.dll
0x71ab0000 - 0x71ac7000 	C:\WINDOWS\system32\WS2_32.dll
0x71aa0000 - 0x71aa8000 	C:\WINDOWS\system32\WS2HELP.dll
0x76b40000 - 0x76b6d000 	C:\WINDOWS\system32\WINMM.dll
0x76bf0000 - 0x76bfb000 	C:\WINDOWS\system32\PSAPI.DLL
0x6e810000 - 0x6e81c000 	C:\Program Files\Java\jdk1.7.0_17\jre\bin\verify.dll
0x6d590000 - 0x6d5b0000 	C:\Program Files\Java\jdk1.7.0_17\jre\bin\java.dll
0x6e8a0000 - 0x6e8b3000 	C:\Program Files\Java\jdk1.7.0_17\jre\bin\zip.dll
0x78050000 - 0x780b9000 	C:\WINDOWS\system32\msvcp100.dll
0x10000000 - 0x101ff000 	C:\opencv\build\x86\vc10\bin\opencv_core244.dll
0x03110000 - 0x03183000 	C:\Documents and Settings\pratchaya\Local Settings\Temp\javacpp24939579770613\jniopencv_core.dll
0x03190000 - 0x033ed000 	C:\opencv\build\x86\vc10\bin\opencv_imgproc244.dll
0x03400000 - 0x03437000 	C:\Documents and Settings\pratchaya\Local Settings\Temp\javacpp24939579770613\jniopencv_imgproc.dll
0x03440000 - 0x041d9000 	C:\opencv\build\x86\vc10\bin\opencv_ffmpeg244.dll
0x041e0000 - 0x043ea000 	C:\opencv\build\x86\vc10\bin\opencv_highgui244.dll
0x774e0000 - 0x7761e000 	C:\WINDOWS\system32\ole32.dll
0x77120000 - 0x771ab000 	C:\WINDOWS\system32\OLEAUT32.dll
0x73b50000 - 0x73b67000 	C:\WINDOWS\system32\AVIFIL32.dll
0x77be0000 - 0x77bf5000 	C:\WINDOWS\system32\MSACM32.dll
0x75a70000 - 0x75a91000 	C:\WINDOWS\system32\MSVFW32.dll
0x7c9c0000 - 0x7d1d7000 	C:\WINDOWS\system32\SHELL32.dll
0x73b80000 - 0x73b92000 	C:\WINDOWS\system32\AVICAP32.dll
0x77c00000 - 0x77c08000 	C:\WINDOWS\system32\VERSION.dll
0x04400000 - 0x0440f000 	C:\Documents and Settings\pratchaya\Local Settings\Temp\javacpp24939579770613\jniopencv_highgui.dll
0x59a60000 - 0x59b01000 	C:\WINDOWS\system32\dbghelp.dll

VM Arguments:
jvm_args: -Dfile.encoding=UTF-8 
java_command: com.pratchaya.cv.imgproc.Core_proc
Launcher Type: SUN_STANDARD

Environment Variables:
JAVA_HOME=C:\Program Files\Java\jdk1.7.0_17
CLASSPATH=C:\Documents and Settings\pratchaya\.m2\repository\com\googlecode\javacpp\javacpp\0.5\javacpp-0.5.jar;C:\Documents and Settings\pratchaya\.m2\repository\com\googlecode\javacv\javacv\0.5\javacv-0.5.jar;C:\JavaCV\javacv-windows-x86.jar;C:\JavaCV\jna.jar;C:\Program Files\Java\jdk1.7.0_17\bin;C:\opencv\build\x86\vc11\bin;C:\javacv-cppjars\opencv-2.4.5-windows-x86.jar;C:\opencv\build\x86\vc10\lib;C:\opencv\b?uild\common\tbb\bin\ia32\vc10;C:\opencv\buil?d\x86\vc10\staticlib;
PATH=C:\WINDOWS\system32;C:\WINDOWS;C:\WINDOWS\System32\Wbem;C:\Program Files\Java\jdk1.7.0_17\bin;D:\maven\bin;C:\Program Files\Apache Software Foundation\Apache Tomcat 7.0.34/conf/tomcat-users.xml;D:\maven/conf/settings.xml;c:\Program Files\ATI Technologies\ATI.ACE\Core-Static;C:\Documents and Settings\pratchaya\.m2\repository\com\googlecode\javacpp\javacpp\0.5\javacpp-0.5.jar;C:\Documents and Settings\pratchaya\.m2\repository\com\googlecode\javacv\javacv\0.5\javacv-0.5.jar;C:\JavaCV\javacv-windows-x86.jar;C:\JavaCV\jna.jar;C:\Program Files\Java\jdk1.7.0_17\bin;C:\opencv\build\common\tbb\bin\ia32\vc10\;C:?\opencv\build\x86\vc10\bin\;C:\javacv-cppjars\;C:\Program Files\CMake 2.8\bin
USERNAME=pratchaya
OS=Windows_NT
PROCESSOR_IDENTIFIER=x86 Family 6 Model 37 Stepping 5, GenuineIntel



---------------  S Y S T E M  ---------------

OS: Windows XP Build 2600 Service Pack 3

CPU:total 4 (2 cores per cpu, 2 threads per core) family 6 model 37 stepping 5, cmov, cx8, fxsr, mmx, sse, sse2, sse3, ssse3, sse4.1, sse4.2, popcnt, ht, tsc, tscinvbit

Memory: 4k page, physical 2021156k(494916k free), swap 3959296k(2284228k free)

vm_info: Java HotSpot(TM) Client VM (23.7-b01) for windows-x86 JRE (1.7.0_17-b02), built on Mar  1 2013 05:04:36 by "java_re" with unknown MS VC++:1600

time: Sat Jul 06 18:06:34 2013
elapsed time: 0 seconds

