#
# A fatal error has been detected by the Java Runtime Environment:
#
#  EXCEPTION_ACCESS_VIOLATION (0xc0000005) at pc=0x0313083b, pid=5192, tid=6064
#
# JRE version: 7.0_17-b02
# Java VM: Java HotSpot(TM) Client VM (23.7-b01 mixed mode, sharing windows-x86 )
# Problematic frame:
# C  [jniopencv_core.dll+0x2083b]  Java_com_googlecode_javacv_cpp_opencv_1core_00024CvSeq_elem_1size__+0x5b
#
# Failed to write core dump. Minidumps are not enabled by default on client versions of Windows
#
# If you would like to submit a bug report, please visit:
#   http://bugreport.sun.com/bugreport/crash.jsp
# The crash happened outside the Java Virtual Machine in native code.
# See problematic frame for where to report the bug.
#

---------------  T H R E A D  ---------------

Current thread (0x003e8800):  JavaThread "main" [_thread_in_native, id=6064, stack(0x00900000,0x00950000)]

siginfo: ExceptionCode=0xc0000005, reading address 0x03004bc4

Registers:
EAX=0x00000000, EBX=0x0094fa68, ECX=0x00000000, EDX=0x6ebce8c0
ESP=0x0094fa50, EBP=0x0094fa78, ESI=0x003e8928, EDI=0x03004ba8
EIP=0x0313083b, EFLAGS=0x00010246

Top of Stack: (sp=0x0094fa50)
0x0094fa50:   003e8800 0094fa68 00000000 00a37d53
0x0094fa60:   003e8928 0094fa68 22f50020 6ebce8c0
0x0094fa70:   22dcd970 00a381e0 0094fcd8 00a3b534
0x0094fa80:   04878ef0 02f13bc8 00000001 00000000
0x0094fa90:   0094fab8 00000010 00000000 00000000
0x0094faa0:   00000000 003e8ef8 003e8928 0094fb60
0x0094fab0:   32b2d5a0 00000006 02ab7b00 003e8ae8
0x0094fac0:   003e8af0 003e8edc 003e8ef4 0094fb44 

Instructions: (pc=0x0313083b)
0x0313081b:   5b c2 08 00 8b 0d 10 c7 17 03 8b 06 8b 90 90 01
0x0313082b:   00 00 51 53 56 ff d2 8d 0c c5 00 00 00 00 2b c8
0x0313083b:   8b 44 cf 1c 5f 5e 5b c2 08 00 cc cc cc cc cc cc
0x0313084b:   cc cc cc cc cc 8b 0d 0c c7 17 03 53 8b 5c 24 0c 


Register to memory mapping:

EAX=0x00000000 is an unknown value
EBX=0x0094fa68 is pointing into the stack for thread: 0x003e8800
ECX=0x00000000 is an unknown value
EDX=0x6ebce8c0 is an unknown value
ESP=0x0094fa50 is pointing into the stack for thread: 0x003e8800
EBP=0x0094fa78 is pointing into the stack for thread: 0x003e8800
ESI=0x003e8928 is an unknown value
EDI=0x03004ba8 is an unknown value


Stack: [0x00900000,0x00950000],  sp=0x0094fa50,  free space=318k
Native frames: (J=compiled Java code, j=interpreted, Vv=VM code, C=native code)
C  [jniopencv_core.dll+0x2083b]  Java_com_googlecode_javacv_cpp_opencv_1core_00024CvSeq_elem_1size__+0x5b
J  javaimage2d.VerticalRotate.apply(Lcom/googlecode/javacv/cpp/opencv_core$IplImage;)Lcom/googlecode/javacv/cpp/opencv_core$IplImage;
j  javaimage2d.JavaImage2D.main([Ljava/lang/String;)V+12
v  ~StubRoutines::call_stub
V  [jvm.dll+0x12a34a]
V  [jvm.dll+0x1d968e]
V  [jvm.dll+0x12a3cd]
V  [jvm.dll+0xaede4]
V  [jvm.dll+0xb9157]
C  [java.exe+0x205f]
C  [java.exe+0xa591]
C  [java.exe+0xa61b]
C  [kernel32.dll+0xb729]  GetModuleFileNameA+0x1ba

Java frames: (J=compiled Java code, j=interpreted, Vv=VM code)
J  com.googlecode.javacv.cpp.opencv_core$CvSeq.elem_size()I
J  javaimage2d.VerticalRotate.apply(Lcom/googlecode/javacv/cpp/opencv_core$IplImage;)Lcom/googlecode/javacv/cpp/opencv_core$IplImage;
j  javaimage2d.JavaImage2D.<init>()V+30
j  javaimage2d.JavaImage2D.main([Ljava/lang/String;)V+12
v  ~StubRoutines::call_stub

---------------  P R O C E S S  ---------------

Java Threads: ( => current thread )
  0x02ab8800 JavaThread "Service Thread" daemon [_thread_blocked, id=2448, stack(0x02e60000,0x02eb0000)]
  0x02ab6c00 JavaThread "C1 CompilerThread0" daemon [_thread_blocked, id=5408, stack(0x02e10000,0x02e60000)]
  0x02ab1800 JavaThread "Attach Listener" daemon [_thread_blocked, id=5908, stack(0x02dc0000,0x02e10000)]
  0x02ab0400 JavaThread "Signal Dispatcher" daemon [_thread_blocked, id=5940, stack(0x02d70000,0x02dc0000)]
  0x02a94400 JavaThread "Finalizer" daemon [_thread_blocked, id=6076, stack(0x02d00000,0x02d50000)]
  0x02a8f800 JavaThread "Reference Handler" daemon [_thread_blocked, id=6072, stack(0x02cb0000,0x02d00000)]
=>0x003e8800 JavaThread "main" [_thread_in_native, id=6064, stack(0x00900000,0x00950000)]

Other Threads:
  0x02a8dc00 VMThread [stack: 0x02c60000,0x02cb0000] [id=6068]
  0x02ac4000 WatcherThread [stack: 0x02eb0000,0x02f00000] [id=1824]

VM state:not at safepoint (normal execution)

VM Mutex/Monitor currently owned by a thread: None

Heap
 def new generation   total 4928K, used 676K [0x22b00000, 0x23050000, 0x28050000)
  eden space 4416K,   3% used [0x22b00000, 0x22b293f8, 0x22f50000)
  from space 512K, 100% used [0x22f50000, 0x22fd0000, 0x22fd0000)
  to   space 512K,   0% used [0x22fd0000, 0x22fd0000, 0x23050000)
 tenured generation   total 10944K, used 4205K [0x28050000, 0x28b00000, 0x32b00000)
   the space 10944K,  38% used [0x28050000, 0x2846b500, 0x2846b600, 0x28b00000)
 compacting perm gen  total 12288K, used 1092K [0x32b00000, 0x33700000, 0x36b00000)
   the space 12288K,   8% used [0x32b00000, 0x32c11080, 0x32c11200, 0x33700000)
    ro space 10240K,  45% used [0x36b00000, 0x36f873d8, 0x36f87400, 0x37500000)
    rw space 12288K,  54% used [0x37500000, 0x37b8acc8, 0x37b8ae00, 0x38100000)

Card table byte_map: [0x02b00000,0x02bb0000] byte_map_base: 0x029ea800

Polling page: 0x00950000

Code Cache  [0x00980000, 0x00a48000, 0x02980000)
 total_blobs=281 nmethods=107 adapters=109 free_code_cache=31976Kb largest_free_block=32743424

Compilation events (10 events):
Event: 0.469 Thread 0x02ab6c00  101             java.lang.ref.Reference::access$100 (4 bytes)
Event: 0.469 Thread 0x02ab6c00 nmethod 101 0x00a44948 code [0x00a44a40, 0x00a44ab0]
Event: 0.469 Thread 0x02ab6c00  102   !         java.lang.ref.ReferenceQueue::enqueue (104 bytes)
Event: 0.470 Thread 0x02ab6c00 nmethod 102 0x00a44b08 code [0x00a44c30, 0x00a4510c]
Event: 0.470 Thread 0x02ab6c00  103             java.lang.ref.ReferenceQueue::reallyPoll (69 bytes)
Event: 0.470 Thread 0x02ab6c00 nmethod 103 0x00a45588 code [0x00a45690, 0x00a45800]
Event: 0.470 Thread 0x02ab6c00  104             com.googlecode.javacpp.Pointer$NativeDeallocator::deallocate (41 bytes)
Event: 0.470 Thread 0x02ab6c00 nmethod 104 0x00a45888 code [0x00a45980, 0x00a45aac]
Event: 0.470 Thread 0x02ab6c00  106   !         com.googlecode.javacpp.Pointer$DeallocatorReference::remove (92 bytes)
Event: 0.470 Thread 0x02ab6c00 nmethod 106 0x00a45b08 code [0x00a45c10, 0x00a45ee0]

GC Heap History (4 events):
Event: 0.320 GC heap before
{Heap before GC invocations=0 (full 0):
 def new generation   total 4928K, used 4416K [0x22b00000, 0x23050000, 0x28050000)
  eden space 4416K, 100% used [0x22b00000, 0x22f50000, 0x22f50000)
  from space 512K,   0% used [0x22f50000, 0x22f50000, 0x22fd0000)
  to   space 512K,   0% used [0x22fd0000, 0x22fd0000, 0x23050000)
 tenured generation   total 10944K, used 0K [0x28050000, 0x28b00000, 0x32b00000)
   the space 10944K,   0% used [0x28050000, 0x28050000, 0x28050200, 0x28b00000)
 compacting perm gen  total 12288K, used 1016K [0x32b00000, 0x33700000, 0x36b00000)
   the space 12288K,   8% used [0x32b00000, 0x32bfe258, 0x32bfe400, 0x33700000)
    ro space 10240K,  45% used [0x36b00000, 0x36f873d8, 0x36f87400, 0x37500000)
    rw space 12288K,  54% used [0x37500000, 0x37b8acc8, 0x37b8ae00, 0x38100000)
Event: 0.325 GC heap after
Heap after GC invocations=1 (full 0):
 def new generation   total 4928K, used 512K [0x22b00000, 0x23050000, 0x28050000)
  eden space 4416K,   0% used [0x22b00000, 0x22b00000, 0x22f50000)
  from space 512K, 100% used [0x22fd0000, 0x23050000, 0x23050000)
  to   space 512K,   0% used [0x22f50000, 0x22f50000, 0x22fd0000)
 tenured generation   total 10944K, used 432K [0x28050000, 0x28b00000, 0x32b00000)
   the space 10944K,   3% used [0x28050000, 0x280bc3d8, 0x280bc400, 0x28b00000)
 compacting perm gen  total 12288K, used 1016K [0x32b00000, 0x33700000, 0x36b00000)
   the space 12288K,   8% used [0x32b00000, 0x32bfe258, 0x32bfe400, 0x33700000)
    ro space 10240K,  45% used [0x36b00000, 0x36f873d8, 0x36f87400, 0x37500000)
    rw space 12288K,  54% used [0x37500000, 0x37b8acc8, 0x37b8ae00, 0x38100000)
}
Event: 0.457 GC heap before
{Heap before GC invocations=1 (full 0):
 def new generation   total 4928K, used 4928K [0x22b00000, 0x23050000, 0x28050000)
  eden space 4416K, 100% used [0x22b00000, 0x22f50000, 0x22f50000)
  from space 512K, 100% used [0x22fd0000, 0x23050000, 0x23050000)
  to   space 512K,   0% used [0x22f50000, 0x22f50000, 0x22fd0000)
 tenured generation   total 10944K, used 432K [0x28050000, 0x28b00000, 0x32b00000)
   the space 10944K,   3% used [0x28050000, 0x280bc3d8, 0x280bc400, 0x28b00000)
 compacting perm gen  total 12288K, used 1092K [0x32b00000, 0x33700000, 0x36b00000)
   the space 12288K,   8% used [0x32b00000, 0x32c11070, 0x32c11200, 0x33700000)
    ro space 10240K,  45% used [0x36b00000, 0x36f873d8, 0x36f87400, 0x37500000)
    rw space 12288K,  54% used [0x37500000, 0x37b8acc8, 0x37b8ae00, 0x38100000)
Event: 0.467 GC heap after
Heap after GC invocations=2 (full 0):
 def new generation   total 4928K, used 512K [0x22b00000, 0x23050000, 0x28050000)
  eden space 4416K,   0% used [0x22b00000, 0x22b00000, 0x22f50000)
  from space 512K, 100% used [0x22f50000, 0x22fd0000, 0x22fd0000)
  to   space 512K,   0% used [0x22fd0000, 0x22fd0000, 0x23050000)
 tenured generation   total 10944K, used 4205K [0x28050000, 0x28b00000, 0x32b00000)
   the space 10944K,  38% used [0x28050000, 0x2846b500, 0x2846b600, 0x28b00000)
 compacting perm gen  total 12288K, used 1092K [0x32b00000, 0x33700000, 0x36b00000)
   the space 12288K,   8% used [0x32b00000, 0x32c11070, 0x32c11200, 0x33700000)
    ro space 10240K,  45% used [0x36b00000, 0x36f873d8, 0x36f87400, 0x37500000)
    rw space 12288K,  54% used [0x37500000, 0x37b8acc8, 0x37b8ae00, 0x38100000)
}

Deoptimization events (0 events):
No events

Internal exceptions (10 events):
Event: 0.328 Thread 0x003e8800 Threw 0x22b2b3c8 at C:\jdk7u2_32P\jdk7u17\hotspot\src\share\vm\prims\jvm.cpp:1166
Event: 0.384 Thread 0x003e8800 Threw 0x22b617d0 at C:\jdk7u2_32P\jdk7u17\hotspot\src\share\vm\prims\jvm.cpp:1166
Event: 0.387 Thread 0x003e8800 Threw 0x22b76910 at C:\jdk7u2_32P\jdk7u17\hotspot\src\share\vm\prims\jvm.cpp:1166
Event: 0.388 Thread 0x003e8800 Threw 0x22b7b170 at C:\jdk7u2_32P\jdk7u17\hotspot\src\share\vm\prims\jvm.cpp:1166
Event: 0.391 Thread 0x003e8800 Threw 0x22b7db00 at C:\jdk7u2_32P\jdk7u17\hotspot\src\share\vm\prims\jvm.cpp:1166
Event: 0.393 Thread 0x003e8800 Threw 0x22b80310 at C:\jdk7u2_32P\jdk7u17\hotspot\src\share\vm\prims\jvm.cpp:1166
Event: 0.395 Thread 0x003e8800 Threw 0x22b88c70 at C:\jdk7u2_32P\jdk7u17\hotspot\src\share\vm\prims\jvm.cpp:1166
Event: 0.400 Thread 0x003e8800 Threw 0x22b946c0 at C:\jdk7u2_32P\jdk7u17\hotspot\src\share\vm\prims\jvm.cpp:1166
Event: 0.401 Thread 0x003e8800 Threw 0x22b97248 at C:\jdk7u2_32P\jdk7u17\hotspot\src\share\vm\prims\jvm.cpp:1166
Event: 0.406 Thread 0x003e8800 Threw 0x22b9dae0 at C:\jdk7u2_32P\jdk7u17\hotspot\src\share\vm\prims\jvm.cpp:1166

Events (10 events):
Event: 0.395 loading class 0x02fbb800
Event: 0.395 loading class 0x02fbb800 done
Event: 0.400 loading class 0x02fa1808
Event: 0.400 loading class 0x02fa1808 done
Event: 0.400 loading class 0x02fa17c0
Event: 0.400 loading class 0x02fa17c0 done
Event: 0.406 loading class 0x02aff990
Event: 0.406 loading class 0x02aff990 done
Event: 0.457 Executing VM operation: GenCollectForAllocation
Event: 0.467 Executing VM operation: GenCollectForAllocation done


Dynamic libraries:
0x00400000 - 0x0042f000 	C:\Program Files\Java\jdk1.7.0_17\bin\java.exe
0x7c900000 - 0x7c9b2000 	C:\WINDOWS\system32\ntdll.dll
0x7c800000 - 0x7c8f6000 	C:\WINDOWS\system32\kernel32.dll
0x77dd0000 - 0x77e6b000 	C:\WINDOWS\system32\ADVAPI32.dll
0x77e70000 - 0x77f03000 	C:\WINDOWS\system32\RPCRT4.dll
0x77fe0000 - 0x77ff1000 	C:\WINDOWS\system32\Secur32.dll
0x7e410000 - 0x7e4a1000 	C:\WINDOWS\system32\USER32.dll
0x77f10000 - 0x77f59000 	C:\WINDOWS\system32\GDI32.dll
0x773d0000 - 0x774d3000 	C:\WINDOWS\WinSxS\x86_Microsoft.Windows.Common-Controls_6595b64144ccf1df_6.0.2600.6028_x-ww_61e65202\COMCTL32.dll
0x77c10000 - 0x77c68000 	C:\WINDOWS\system32\msvcrt.dll
0x77f60000 - 0x77fd6000 	C:\WINDOWS\system32\SHLWAPI.dll
0x76390000 - 0x763ad000 	C:\WINDOWS\system32\IMM32.DLL
0x629c0000 - 0x629c9000 	C:\WINDOWS\system32\LPK.DLL
0x74d90000 - 0x74dfb000 	C:\WINDOWS\system32\USP10.dll
0x78aa0000 - 0x78b5e000 	C:\Program Files\Java\jdk1.7.0_17\jre\bin\msvcr100.dll
0x6e8c0000 - 0x6ec0c000 	C:\Program Files\Java\jdk1.7.0_17\jre\bin\client\jvm.dll
0x71ad0000 - 0x71ad9000 	C:\WINDOWS\system32\WSOCK32.dll
0x71ab0000 - 0x71ac7000 	C:\WINDOWS\system32\WS2_32.dll
0x71aa0000 - 0x71aa8000 	C:\WINDOWS\system32\WS2HELP.dll
0x76b40000 - 0x76b6d000 	C:\WINDOWS\system32\WINMM.dll
0x76bf0000 - 0x76bfb000 	C:\WINDOWS\system32\PSAPI.DLL
0x6e810000 - 0x6e81c000 	C:\Program Files\Java\jdk1.7.0_17\jre\bin\verify.dll
0x6d590000 - 0x6d5b0000 	C:\Program Files\Java\jdk1.7.0_17\jre\bin\java.dll
0x6e8a0000 - 0x6e8b3000 	C:\Program Files\Java\jdk1.7.0_17\jre\bin\zip.dll
0x78050000 - 0x780b9000 	C:\WINDOWS\system32\msvcp100.dll
0x10000000 - 0x101ff000 	C:\opencv\build\x86\vc10\bin\opencv_core244.dll
0x03110000 - 0x03183000 	C:\Documents and Settings\pratchaya\Local Settings\Temp\javacpp7189920979062\jniopencv_core.dll
0x03190000 - 0x033ed000 	C:\opencv\build\x86\vc10\bin\opencv_imgproc244.dll
0x03400000 - 0x03437000 	C:\Documents and Settings\pratchaya\Local Settings\Temp\javacpp7189920979062\jniopencv_imgproc.dll
0x03440000 - 0x041d9000 	C:\opencv\build\x86\vc10\bin\opencv_ffmpeg244.dll
0x041e0000 - 0x043ea000 	C:\opencv\build\x86\vc10\bin\opencv_highgui244.dll
0x774e0000 - 0x7761e000 	C:\WINDOWS\system32\ole32.dll
0x77120000 - 0x771ab000 	C:\WINDOWS\system32\OLEAUT32.dll
0x73b50000 - 0x73b67000 	C:\WINDOWS\system32\AVIFIL32.dll
0x77be0000 - 0x77bf5000 	C:\WINDOWS\system32\MSACM32.dll
0x75a70000 - 0x75a91000 	C:\WINDOWS\system32\MSVFW32.dll
0x7c9c0000 - 0x7d1d7000 	C:\WINDOWS\system32\SHELL32.dll
0x73b80000 - 0x73b92000 	C:\WINDOWS\system32\AVICAP32.dll
0x77c00000 - 0x77c08000 	C:\WINDOWS\system32\VERSION.dll
0x04400000 - 0x0440f000 	C:\Documents and Settings\pratchaya\Local Settings\Temp\javacpp7189920979062\jniopencv_highgui.dll
0x59a60000 - 0x59b01000 	C:\WINDOWS\system32\dbghelp.dll

VM Arguments:
jvm_args: -Dfile.encoding=UTF-8 
java_command: javaimage2d.JavaImage2D
Launcher Type: SUN_STANDARD

Environment Variables:
JAVA_HOME=C:\Program Files\Java\jdk1.7.0_17
CLASSPATH=C:\JavaCV\javacv.jar;C:\JavaCV\javacpp.jar;C:\JavaCV\javacv-windows-x86; C:\JavaCV\jna.jar;C:\JavaCV;C:\Program Files\Java\jdk1.7.0_17\bin;C:\opencv\build\x86\vc11\bin
PATH=C:\WINDOWS\system32;C:\WINDOWS;C:\WINDOWS\System32\Wbem;c:\Program Files\ATI Technologies\ATI.ACE\Core-Static;C:\gnuplot\bin;C:\Program Files\Java\jdk1.7.0_17\bin;D:\apache-maven-3.0.5\bin;C:\gnuplot\bin;
USERNAME=pratchaya
OS=Windows_NT
PROCESSOR_IDENTIFIER=x86 Family 6 Model 37 Stepping 5, GenuineIntel



---------------  S Y S T E M  ---------------

OS: Windows XP Build 2600 Service Pack 3

CPU:total 4 (2 cores per cpu, 2 threads per core) family 6 model 37 stepping 5, cmov, cx8, fxsr, mmx, sse, sse2, sse3, ssse3, sse4.1, sse4.2, popcnt, ht, tsc, tscinvbit

Memory: 4k page, physical 2021156k(309984k free), swap 3959296k(2175600k free)

vm_info: Java HotSpot(TM) Client VM (23.7-b01) for windows-x86 JRE (1.7.0_17-b02), built on Mar  1 2013 05:04:36 by "java_re" with unknown MS VC++:1600

time: Fri Jun 28 21:58:08 2013
elapsed time: 0 seconds

