#
# A fatal error has been detected by the Java Runtime Environment:
#
#  EXCEPTION_UNCAUGHT_CXX_EXCEPTION (0xe06d7363) at pc=0x7c812fd3, pid=2584, tid=3120
#
# JRE version: 7.0_17-b02
# Java VM: Java HotSpot(TM) Client VM (23.7-b01 mixed mode, sharing windows-x86 )
# Problematic frame:
# C  [kernel32.dll+0x12fd3]  RaiseException+0x52
#
# Failed to write core dump. Minidumps are not enabled by default on client versions of Windows
#
# If you would like to submit a bug report, please visit:
#   http://bugreport.sun.com/bugreport/crash.jsp
# The crash happened outside the Java Virtual Machine in native code.
# See problematic frame for where to report the bug.
#

---------------  T H R E A D  ---------------

Current thread (0x003e8800):  JavaThread "main" [_thread_in_native, id=3120, stack(0x00900000,0x00950000)]

siginfo: ExceptionCode=0xe06d7363, ExceptionInformation=0x19930520 0x0093f954 0x101d157c 

Registers:
EAX=0x0093f8b0, EBX=0x00000ad4, ECX=0x00000000, EDX=0x0093f954
ESP=0x0093f8ac, EBP=0x0093f900, ESI=0x0093f938, EDI=0x78ab1ec6
EIP=0x7c812fd3, EFLAGS=0x00000206

Top of Stack: (sp=0x0093f8ac)
0x0093f8ac:   0094fa10 e06d7363 00000001 00000000
0x0093f8bc:   7c812fd3 00000003 19930520 0093f954
0x0093f8cc:   101d157c 00000000 02fd1bb0 0093f9b8
0x0093f8dc:   0093f8c4 0093f9b8 0000002f 0093f908
0x0093f8ec:   100040fe 02fd1bb0 02fbfbd0 0000002f
0x0093f8fc:   0094fa10 0093f938 78ac7819 e06d7363
0x0093f90c:   00000001 00000003 0093f92c e06d7363
0x0093f91c:   00000001 00000000 00000000 00000003 

Instructions: (pc=0x7c812fd3)
0x7c812fb3:   f9 0f 0f 87 05 1a 03 00 85 c9 89 4d c0 74 07 57
0x7c812fc3:   8d 7d c4 f3 a5 5f 8d 45 b0 50 ff 15 10 15 80 7c
0x7c812fd3:   5e c9 c2 10 00 85 ff 0f 8e 5e 8e ff ff 8b 55 fc
0x7c812fe3:   89 55 0c 0f b7 16 8b 7d f8 8a 14 3a 88 11 8b 78 


Register to memory mapping:

EAX=0x0093f8b0 is pointing into the stack for thread: 0x003e8800
EBX=0x00000ad4 is an unknown value
ECX=0x00000000 is an unknown value
EDX=0x0093f954 is pointing into the stack for thread: 0x003e8800
ESP=0x0093f8ac is pointing into the stack for thread: 0x003e8800
EBP=0x0093f900 is pointing into the stack for thread: 0x003e8800
ESI=0x0093f938 is pointing into the stack for thread: 0x003e8800
EDI=0x78ab1ec6 is an unknown value


Stack: [0x00900000,0x00950000],  sp=0x0093f8ac,  free space=254k
Native frames: (J=compiled Java code, j=interpreted, Vv=VM code, C=native code)
C  [kernel32.dll+0x12fd3]  RaiseException+0x52
C  [msvcr100.dll+0x27819]  CxxThrowException+0x45

Java frames: (J=compiled Java code, j=interpreted, Vv=VM code)
j  com.googlecode.javacv.cpp.opencv_core.cvSub(Lcom/googlecode/javacv/cpp/opencv_core$CvArr;Lcom/googlecode/javacv/cpp/opencv_core$CvArr;Lcom/googlecode/javacv/cpp/opencv_core$CvArr;Lcom/googlecode/javacv/cpp/opencv_core$CvArr;)V+0
j  javaimage2d.SubtracBack.apply(Lcom/googlecode/javacv/cpp/opencv_core$IplImage;)Lcom/googlecode/javacv/cpp/opencv_core$IplImage;+20
j  javaimage2d.JavaImage2D.<init>()V+29
j  javaimage2d.JavaImage2D.main([Ljava/lang/String;)V+4
v  ~StubRoutines::call_stub

---------------  P R O C E S S  ---------------

Java Threads: ( => current thread )
  0x02ab9400 JavaThread "Service Thread" daemon [_thread_blocked, id=6080, stack(0x02e60000,0x02eb0000)]
  0x02ab3400 JavaThread "C1 CompilerThread0" daemon [_thread_blocked, id=3664, stack(0x02e10000,0x02e60000)]
  0x02ab1c00 JavaThread "Attach Listener" daemon [_thread_blocked, id=2480, stack(0x02dc0000,0x02e10000)]
  0x02ab0400 JavaThread "Signal Dispatcher" daemon [_thread_blocked, id=6796, stack(0x02d70000,0x02dc0000)]
  0x02a94400 JavaThread "Finalizer" daemon [_thread_blocked, id=4488, stack(0x02d00000,0x02d50000)]
  0x02a8f800 JavaThread "Reference Handler" daemon [_thread_blocked, id=4932, stack(0x02cb0000,0x02d00000)]
=>0x003e8800 JavaThread "main" [_thread_in_native, id=3120, stack(0x00900000,0x00950000)]

Other Threads:
  0x02a8dc00 VMThread [stack: 0x02c60000,0x02cb0000] [id=5116]
  0x02acc400 WatcherThread [stack: 0x02eb0000,0x02f00000] [id=3608]

VM state:not at safepoint (normal execution)

VM Mutex/Monitor currently owned by a thread: None

Heap
 def new generation   total 4928K, used 1033K [0x22b00000, 0x23050000, 0x28050000)
  eden space 4416K,  11% used [0x22b00000, 0x22b824a0, 0x22f50000)
  from space 512K, 100% used [0x22fd0000, 0x23050000, 0x23050000)
  to   space 512K,   0% used [0x22f50000, 0x22f50000, 0x22fd0000)
 tenured generation   total 10944K, used 430K [0x28050000, 0x28b00000, 0x32b00000)
   the space 10944K,   3% used [0x28050000, 0x280bb870, 0x280bba00, 0x28b00000)
 compacting perm gen  total 12288K, used 1076K [0x32b00000, 0x33700000, 0x36b00000)
   the space 12288K,   8% used [0x32b00000, 0x32c0d028, 0x32c0d200, 0x33700000)
    ro space 10240K,  45% used [0x36b00000, 0x36f873d8, 0x36f87400, 0x37500000)
    rw space 12288K,  54% used [0x37500000, 0x37b8acc8, 0x37b8ae00, 0x38100000)

Card table byte_map: [0x02b00000,0x02bb0000] byte_map_base: 0x029ea800

Polling page: 0x00950000

Code Cache  [0x00980000, 0x00a38000, 0x02980000)
 total_blobs=253 nmethods=80 adapters=108 free_code_cache=32037Kb largest_free_block=32806016

Compilation events (10 events):
Event: 0.293 Thread 0x02ab3400   76             sun.reflect.generics.parser.SignatureParser::parseIdentifier (115 bytes)
Event: 0.293 Thread 0x02ab3400 nmethod 76 0x00a35348 code [0x00a354c0, 0x00a35850]
Event: 0.301 Thread 0x02ab3400   77             java.lang.System::getSecurityManager (4 bytes)
Event: 0.301 Thread 0x02ab3400 nmethod 77 0x00a35c08 code [0x00a35d00, 0x00a35d70]
Event: 0.301 Thread 0x02ab3400   78             java.lang.StringBuilder::<init> (7 bytes)
Event: 0.301 Thread 0x02ab3400 nmethod 78 0x00a35dc8 code [0x00a35ec0, 0x00a35fd0]
Event: 0.301 Thread 0x02ab3400   79             java.lang.AbstractStringBuilder::expandCapacity (50 bytes)
Event: 0.302 Thread 0x02ab3400 nmethod 79 0x00a36048 code [0x00a36160, 0x00a36398]
Event: 0.336 Thread 0x02ab3400   80             java.net.URL::getProtocol (5 bytes)
Event: 0.336 Thread 0x02ab3400 nmethod 80 0x00a369c8 code [0x00a36ac0, 0x00a36b40]

GC Heap History (2 events):
Event: 0.284 GC heap before
{Heap before GC invocations=0 (full 0):
 def new generation   total 4928K, used 4416K [0x22b00000, 0x23050000, 0x28050000)
  eden space 4416K, 100% used [0x22b00000, 0x22f50000, 0x22f50000)
  from space 512K,   0% used [0x22f50000, 0x22f50000, 0x22fd0000)
  to   space 512K,   0% used [0x22fd0000, 0x22fd0000, 0x23050000)
 tenured generation   total 10944K, used 0K [0x28050000, 0x28b00000, 0x32b00000)
   the space 10944K,   0% used [0x28050000, 0x28050000, 0x28050200, 0x28b00000)
 compacting perm gen  total 12288K, used 1013K [0x32b00000, 0x33700000, 0x36b00000)
   the space 12288K,   8% used [0x32b00000, 0x32bfd468, 0x32bfd600, 0x33700000)
    ro space 10240K,  45% used [0x36b00000, 0x36f873d8, 0x36f87400, 0x37500000)
    rw space 12288K,  54% used [0x37500000, 0x37b8acc8, 0x37b8ae00, 0x38100000)
Event: 0.288 GC heap after
Heap after GC invocations=1 (full 0):
 def new generation   total 4928K, used 512K [0x22b00000, 0x23050000, 0x28050000)
  eden space 4416K,   0% used [0x22b00000, 0x22b00000, 0x22f50000)
  from space 512K, 100% used [0x22fd0000, 0x23050000, 0x23050000)
  to   space 512K,   0% used [0x22f50000, 0x22f50000, 0x22fd0000)
 tenured generation   total 10944K, used 430K [0x28050000, 0x28b00000, 0x32b00000)
   the space 10944K,   3% used [0x28050000, 0x280bb870, 0x280bba00, 0x28b00000)
 compacting perm gen  total 12288K, used 1013K [0x32b00000, 0x33700000, 0x36b00000)
   the space 12288K,   8% used [0x32b00000, 0x32bfd468, 0x32bfd600, 0x33700000)
    ro space 10240K,  45% used [0x36b00000, 0x36f873d8, 0x36f87400, 0x37500000)
    rw space 12288K,  54% used [0x37500000, 0x37b8acc8, 0x37b8ae00, 0x38100000)
}

Deoptimization events (0 events):
No events

Internal exceptions (10 events):
Event: 0.289 Thread 0x003e8800 Threw 0x22b02100 at C:\jdk7u2_32P\jdk7u17\hotspot\src\share\vm\prims\jvm.cpp:1166
Event: 0.289 Thread 0x003e8800 Threw 0x22b063b8 at C:\jdk7u2_32P\jdk7u17\hotspot\src\share\vm\prims\jvm.cpp:1166
Event: 0.290 Thread 0x003e8800 Threw 0x22b0a0f0 at C:\jdk7u2_32P\jdk7u17\hotspot\src\share\vm\prims\jvm.cpp:1166
Event: 0.290 Thread 0x003e8800 Threw 0x22b0dcd0 at C:\jdk7u2_32P\jdk7u17\hotspot\src\share\vm\prims\jvm.cpp:1166
Event: 0.291 Thread 0x003e8800 Threw 0x22b12c10 at C:\jdk7u2_32P\jdk7u17\hotspot\src\share\vm\prims\jvm.cpp:1166
Event: 0.291 Thread 0x003e8800 Threw 0x22b2ce20 at C:\jdk7u2_32P\jdk7u17\hotspot\src\share\vm\prims\jvm.cpp:1166
Event: 0.329 Thread 0x003e8800 Threw 0x22b63118 at C:\jdk7u2_32P\jdk7u17\hotspot\src\share\vm\prims\jvm.cpp:1166
Event: 0.331 Thread 0x003e8800 Threw 0x22b74d58 at C:\jdk7u2_32P\jdk7u17\hotspot\src\share\vm\prims\jvm.cpp:1166
Event: 0.333 Thread 0x003e8800 Threw 0x22b774d0 at C:\jdk7u2_32P\jdk7u17\hotspot\src\share\vm\prims\jvm.cpp:1166
Event: 0.336 Thread 0x003e8800 Threw 0x22b7d360 at C:\jdk7u2_32P\jdk7u17\hotspot\src\share\vm\prims\jvm.cpp:1166

Events (10 events):
Event: 0.329 loading class 0x02f37ba0
Event: 0.329 loading class 0x02f37ba0 done
Event: 0.330 loading class 0x38121068
Event: 0.330 loading class 0x38121068 done
Event: 0.331 loading class 0x02aff4d8
Event: 0.331 loading class 0x02aff4d8 done
Event: 0.333 loading class 0x02aff598
Event: 0.333 loading class 0x02aff598 done
Event: 0.336 loading class 0x02aff5c8
Event: 0.336 loading class 0x02aff5c8 done


Dynamic libraries:
0x00400000 - 0x0042f000 	C:\Program Files\Java\jdk1.7.0_17\bin\java.exe
0x7c900000 - 0x7c9b2000 	C:\WINDOWS\system32\ntdll.dll
0x7c800000 - 0x7c8f6000 	C:\WINDOWS\system32\kernel32.dll
0x77dd0000 - 0x77e6b000 	C:\WINDOWS\system32\ADVAPI32.dll
0x77e70000 - 0x77f03000 	C:\WINDOWS\system32\RPCRT4.dll
0x77fe0000 - 0x77ff1000 	C:\WINDOWS\system32\Secur32.dll
0x7e410000 - 0x7e4a1000 	C:\WINDOWS\system32\USER32.dll
0x77f10000 - 0x77f59000 	C:\WINDOWS\system32\GDI32.dll
0x773d0000 - 0x774d3000 	C:\WINDOWS\WinSxS\x86_Microsoft.Windows.Common-Controls_6595b64144ccf1df_6.0.2600.6028_x-ww_61e65202\COMCTL32.dll
0x77c10000 - 0x77c68000 	C:\WINDOWS\system32\msvcrt.dll
0x77f60000 - 0x77fd6000 	C:\WINDOWS\system32\SHLWAPI.dll
0x76390000 - 0x763ad000 	C:\WINDOWS\system32\IMM32.DLL
0x629c0000 - 0x629c9000 	C:\WINDOWS\system32\LPK.DLL
0x74d90000 - 0x74dfb000 	C:\WINDOWS\system32\USP10.dll
0x78aa0000 - 0x78b5e000 	C:\Program Files\Java\jdk1.7.0_17\jre\bin\msvcr100.dll
0x6e8c0000 - 0x6ec0c000 	C:\Program Files\Java\jdk1.7.0_17\jre\bin\client\jvm.dll
0x71ad0000 - 0x71ad9000 	C:\WINDOWS\system32\WSOCK32.dll
0x71ab0000 - 0x71ac7000 	C:\WINDOWS\system32\WS2_32.dll
0x71aa0000 - 0x71aa8000 	C:\WINDOWS\system32\WS2HELP.dll
0x76b40000 - 0x76b6d000 	C:\WINDOWS\system32\WINMM.dll
0x76bf0000 - 0x76bfb000 	C:\WINDOWS\system32\PSAPI.DLL
0x6e810000 - 0x6e81c000 	C:\Program Files\Java\jdk1.7.0_17\jre\bin\verify.dll
0x6d590000 - 0x6d5b0000 	C:\Program Files\Java\jdk1.7.0_17\jre\bin\java.dll
0x6e8a0000 - 0x6e8b3000 	C:\Program Files\Java\jdk1.7.0_17\jre\bin\zip.dll
0x78050000 - 0x780b9000 	C:\WINDOWS\system32\msvcp100.dll
0x10000000 - 0x101ff000 	C:\opencv\build\x86\vc10\bin\opencv_core244.dll
0x03110000 - 0x03183000 	C:\Documents and Settings\pratchaya\Local Settings\Temp\javacpp54123708626934\jniopencv_core.dll
0x03190000 - 0x033ed000 	C:\opencv\build\x86\vc10\bin\opencv_imgproc244.dll
0x03400000 - 0x03437000 	C:\Documents and Settings\pratchaya\Local Settings\Temp\javacpp54123708626934\jniopencv_imgproc.dll
0x03440000 - 0x041d9000 	C:\opencv\build\x86\vc10\bin\opencv_ffmpeg244.dll
0x041e0000 - 0x043ea000 	C:\opencv\build\x86\vc10\bin\opencv_highgui244.dll
0x774e0000 - 0x7761e000 	C:\WINDOWS\system32\ole32.dll
0x77120000 - 0x771ab000 	C:\WINDOWS\system32\OLEAUT32.dll
0x73b50000 - 0x73b67000 	C:\WINDOWS\system32\AVIFIL32.dll
0x77be0000 - 0x77bf5000 	C:\WINDOWS\system32\MSACM32.dll
0x75a70000 - 0x75a91000 	C:\WINDOWS\system32\MSVFW32.dll
0x7c9c0000 - 0x7d1d7000 	C:\WINDOWS\system32\SHELL32.dll
0x73b80000 - 0x73b92000 	C:\WINDOWS\system32\AVICAP32.dll
0x77c00000 - 0x77c08000 	C:\WINDOWS\system32\VERSION.dll
0x04400000 - 0x0440f000 	C:\Documents and Settings\pratchaya\Local Settings\Temp\javacpp54123708626934\jniopencv_highgui.dll
0x59a60000 - 0x59b01000 	C:\WINDOWS\system32\dbghelp.dll

VM Arguments:
jvm_args: -Dfile.encoding=UTF-8 
java_command: javaimage2d.JavaImage2D
Launcher Type: SUN_STANDARD

Environment Variables:
CLASSPATH=C:\opencv\build\x86\vc10\lib;C:\opencv\b?uild\common\tbb\ia32\vc10;C:\opencv\buil?d\x86\vc10\staticlib;LASSPATH
PATH=C:\WINDOWS\system32;C:\WINDOWS;C:\WINDOWS\System32\Wbem;c:\Program Files\ATI Technologies\ATI.ACE\Core-Static;C:\Program Files\Java\jdk1.6.0_38\bin;C:\gnuplot\bin;C:\MinGW\bin;C:\msys\1.0\bin;C:\Python26;C:\Program Files\Java\jdk1.6.0_38\bin;C:\gnuplot\bin;C:\opencv\build\common\tbb\ia32\vc10\;C:?\opencv\build\x86\vc10\bin\;
USERNAME=pratchaya
OS=Windows_NT
PROCESSOR_IDENTIFIER=x86 Family 6 Model 37 Stepping 5, GenuineIntel



---------------  S Y S T E M  ---------------

OS: Windows XP Build 2600 Service Pack 3

CPU:total 4 (2 cores per cpu, 2 threads per core) family 6 model 37 stepping 5, cmov, cx8, fxsr, mmx, sse, sse2, sse3, ssse3, sse4.1, sse4.2, popcnt, ht, tsc, tscinvbit

Memory: 4k page, physical 2021156k(514568k free), swap 3959296k(2432148k free)

vm_info: Java HotSpot(TM) Client VM (23.7-b01) for windows-x86 JRE (1.7.0_17-b02), built on Mar  1 2013 05:04:36 by "java_re" with unknown MS VC++:1600

time: Sat Mar 16 12:32:53 2013
elapsed time: 0 seconds

